Build settings from command line:
    COMPILER_INDEX_STORE_ENABLE = NO

note: Using new build system

** CLEAN SUCCEEDED **

note: Using new build system
note: Planning build
note: Constructing build description
CreateBuildDirectory /Users/shamvil/Library/Developer/Xcode/DerivedData/SonarDemoApp-bwkekhgxewmphccxtpzaegwvzxmi/Build/Intermediates.noindex (in target 'SonarDemoApp' from project 'SonarDemoApp')
    cd /Users/shamvil/Desktop/SonarDemoApp
    builtin-create-build-directory /Users/shamvil/Library/Developer/Xcode/DerivedData/SonarDemoApp-bwkekhgxewmphccxtpzaegwvzxmi/Build/Intermediates.noindex

CreateBuildDirectory /Users/shamvil/Library/Developer/Xcode/DerivedData/SonarDemoApp-bwkekhgxewmphccxtpzaegwvzxmi/Build/Products (in target 'SonarDemoApp' from project 'SonarDemoApp')
    cd /Users/shamvil/Desktop/SonarDemoApp
    builtin-create-build-directory /Users/shamvil/Library/Developer/Xcode/DerivedData/SonarDemoApp-bwkekhgxewmphccxtpzaegwvzxmi/Build/Products

MkDir /Users/shamvil/Library/Developer/Xcode/DerivedData/SonarDemoApp-bwkekhgxewmphccxtpzaegwvzxmi/Build/Products/Debug-iphonesimulator/SonarDemoApp.app (in target 'SonarDemoApp' from project 'SonarDemoApp')
    cd /Users/shamvil/Desktop/SonarDemoApp
    /bin/mkdir -p /Users/shamvil/Library/Developer/Xcode/DerivedData/SonarDemoApp-bwkekhgxewmphccxtpzaegwvzxmi/Build/Products/Debug-iphonesimulator/SonarDemoApp.app

MkDir /Users/shamvil/Library/Developer/Xcode/DerivedData/SonarDemoApp-bwkekhgxewmphccxtpzaegwvzxmi/Build/Products/Debug-iphonesimulator/Pods_SonarDemoApp.framework (in target 'Pods-SonarDemoApp' from project 'Pods')
    cd /Users/shamvil/Desktop/SonarDemoApp/Pods
    /bin/mkdir -p /Users/shamvil/Library/Developer/Xcode/DerivedData/SonarDemoApp-bwkekhgxewmphccxtpzaegwvzxmi/Build/Products/Debug-iphonesimulator/Pods_SonarDemoApp.framework

MkDir /Users/shamvil/Library/Developer/Xcode/DerivedData/SonarDemoApp-bwkekhgxewmphccxtpzaegwvzxmi/Build/Products/Debug-iphonesimulator/Pods_SonarDemoApp.framework/Headers (in target 'Pods-SonarDemoApp' from project 'Pods')
    cd /Users/shamvil/Desktop/SonarDemoApp/Pods
    /bin/mkdir -p /Users/shamvil/Library/Developer/Xcode/DerivedData/SonarDemoApp-bwkekhgxewmphccxtpzaegwvzxmi/Build/Products/Debug-iphonesimulator/Pods_SonarDemoApp.framework/Headers

WriteAuxiliaryFile /Users/shamvil/Library/Developer/Xcode/DerivedData/SonarDemoApp-bwkekhgxewmphccxtpzaegwvzxmi/Build/Intermediates.noindex/Pods.build/Debug-iphonesimulator/Pods-SonarDemoApp.build/all-product-headers.yaml (in target 'Pods-SonarDemoApp' from project 'Pods')
    cd /Users/shamvil/Desktop/SonarDemoApp/Pods
    write-file /Users/shamvil/Library/Developer/Xcode/DerivedData/SonarDemoApp-bwkekhgxewmphccxtpzaegwvzxmi/Build/Intermediates.noindex/Pods.build/Debug-iphonesimulator/Pods-SonarDemoApp.build/all-product-headers.yaml

WriteAuxiliaryFile /Users/shamvil/Library/Developer/Xcode/DerivedData/SonarDemoApp-bwkekhgxewmphccxtpzaegwvzxmi/Build/Intermediates.noindex/Pods.build/Debug-iphonesimulator/Pods-SonarDemoApp.build/Pods_SonarDemoApp-own-target-headers.hmap (in target 'Pods-SonarDemoApp' from project 'Pods')
    cd /Users/shamvil/Desktop/SonarDemoApp/Pods
    write-file /Users/shamvil/Library/Developer/Xcode/DerivedData/SonarDemoApp-bwkekhgxewmphccxtpzaegwvzxmi/Build/Intermediates.noindex/Pods.build/Debug-iphonesimulator/Pods-SonarDemoApp.build/Pods_SonarDemoApp-own-target-headers.hmap

WriteAuxiliaryFile /Users/shamvil/Library/Developer/Xcode/DerivedData/SonarDemoApp-bwkekhgxewmphccxtpzaegwvzxmi/Build/Intermediates.noindex/Pods.build/Debug-iphonesimulator/Pods-SonarDemoApp.build/Pods_SonarDemoApp-all-target-headers.hmap (in target 'Pods-SonarDemoApp' from project 'Pods')
    cd /Users/shamvil/Desktop/SonarDemoApp/Pods
    write-file /Users/shamvil/Library/Developer/Xcode/DerivedData/SonarDemoApp-bwkekhgxewmphccxtpzaegwvzxmi/Build/Intermediates.noindex/Pods.build/Debug-iphonesimulator/Pods-SonarDemoApp.build/Pods_SonarDemoApp-all-target-headers.hmap

WriteAuxiliaryFile /Users/shamvil/Library/Developer/Xcode/DerivedData/SonarDemoApp-bwkekhgxewmphccxtpzaegwvzxmi/Build/Intermediates.noindex/Pods.build/Debug-iphonesimulator/Pods-SonarDemoApp.build/Pods_SonarDemoApp-all-non-framework-target-headers.hmap (in target 'Pods-SonarDemoApp' from project 'Pods')
    cd /Users/shamvil/Desktop/SonarDemoApp/Pods
    write-file /Users/shamvil/Library/Developer/Xcode/DerivedData/SonarDemoApp-bwkekhgxewmphccxtpzaegwvzxmi/Build/Intermediates.noindex/Pods.build/Debug-iphonesimulator/Pods-SonarDemoApp.build/Pods_SonarDemoApp-all-non-framework-target-headers.hmap

WriteAuxiliaryFile /Users/shamvil/Library/Developer/Xcode/DerivedData/SonarDemoApp-bwkekhgxewmphccxtpzaegwvzxmi/Build/Intermediates.noindex/Pods.build/Debug-iphonesimulator/Pods-SonarDemoApp.build/Pods_SonarDemoApp-project-headers.hmap (in target 'Pods-SonarDemoApp' from project 'Pods')
    cd /Users/shamvil/Desktop/SonarDemoApp/Pods
    write-file /Users/shamvil/Library/Developer/Xcode/DerivedData/SonarDemoApp-bwkekhgxewmphccxtpzaegwvzxmi/Build/Intermediates.noindex/Pods.build/Debug-iphonesimulator/Pods-SonarDemoApp.build/Pods_SonarDemoApp-project-headers.hmap

WriteAuxiliaryFile /Users/shamvil/Library/Developer/Xcode/DerivedData/SonarDemoApp-bwkekhgxewmphccxtpzaegwvzxmi/Build/Intermediates.noindex/Pods.build/Debug-iphonesimulator/Pods-SonarDemoApp.build/Pods_SonarDemoApp.hmap (in target 'Pods-SonarDemoApp' from project 'Pods')
    cd /Users/shamvil/Desktop/SonarDemoApp/Pods
    write-file /Users/shamvil/Library/Developer/Xcode/DerivedData/SonarDemoApp-bwkekhgxewmphccxtpzaegwvzxmi/Build/Intermediates.noindex/Pods.build/Debug-iphonesimulator/Pods-SonarDemoApp.build/Pods_SonarDemoApp.hmap

WriteAuxiliaryFile /Users/shamvil/Library/Developer/Xcode/DerivedData/SonarDemoApp-bwkekhgxewmphccxtpzaegwvzxmi/Build/Intermediates.noindex/Pods.build/Debug-iphonesimulator/Pods-SonarDemoApp.build/Pods_SonarDemoApp-generated-files.hmap (in target 'Pods-SonarDemoApp' from project 'Pods')
    cd /Users/shamvil/Desktop/SonarDemoApp/Pods
    write-file /Users/shamvil/Library/Developer/Xcode/DerivedData/SonarDemoApp-bwkekhgxewmphccxtpzaegwvzxmi/Build/Intermediates.noindex/Pods.build/Debug-iphonesimulator/Pods-SonarDemoApp.build/Pods_SonarDemoApp-generated-files.hmap

CpHeader /Users/shamvil/Desktop/SonarDemoApp/Pods/Target\ Support\ Files/Pods-SonarDemoApp/Pods-SonarDemoApp-umbrella.h /Users/shamvil/Library/Developer/Xcode/DerivedData/SonarDemoApp-bwkekhgxewmphccxtpzaegwvzxmi/Build/Products/Debug-iphonesimulator/Pods_SonarDemoApp.framework/Headers/Pods-SonarDemoApp-umbrella.h (in target 'Pods-SonarDemoApp' from project 'Pods')
    cd /Users/shamvil/Desktop/SonarDemoApp/Pods
    builtin-copy -exclude .DS_Store -exclude CVS -exclude .svn -exclude .git -exclude .hg -resolve-src-symlinks /Users/shamvil/Desktop/SonarDemoApp/Pods/Target\ Support\ Files/Pods-SonarDemoApp/Pods-SonarDemoApp-umbrella.h /Users/shamvil/Library/Developer/Xcode/DerivedData/SonarDemoApp-bwkekhgxewmphccxtpzaegwvzxmi/Build/Products/Debug-iphonesimulator/Pods_SonarDemoApp.framework/Headers

ProcessInfoPlistFile /Users/shamvil/Library/Developer/Xcode/DerivedData/SonarDemoApp-bwkekhgxewmphccxtpzaegwvzxmi/Build/Products/Debug-iphonesimulator/Pods_SonarDemoApp.framework/Info.plist /Users/shamvil/Desktop/SonarDemoApp/Pods/Target\ Support\ Files/Pods-SonarDemoApp/Pods-SonarDemoApp-Info.plist (in target 'Pods-SonarDemoApp' from project 'Pods')
    cd /Users/shamvil/Desktop/SonarDemoApp/Pods
    builtin-infoPlistUtility /Users/shamvil/Desktop/SonarDemoApp/Pods/Target\ Support\ Files/Pods-SonarDemoApp/Pods-SonarDemoApp-Info.plist -producttype com.apple.product-type.framework -expandbuildsettings -format binary -platform iphonesimulator -o /Users/shamvil/Library/Developer/Xcode/DerivedData/SonarDemoApp-bwkekhgxewmphccxtpzaegwvzxmi/Build/Products/Debug-iphonesimulator/Pods_SonarDemoApp.framework/Info.plist

WriteAuxiliaryFile /Users/shamvil/Library/Developer/Xcode/DerivedData/SonarDemoApp-bwkekhgxewmphccxtpzaegwvzxmi/Build/Intermediates.noindex/Pods.build/Debug-iphonesimulator/Pods-SonarDemoApp.build/module.modulemap (in target 'Pods-SonarDemoApp' from project 'Pods')
    cd /Users/shamvil/Desktop/SonarDemoApp/Pods
    write-file /Users/shamvil/Library/Developer/Xcode/DerivedData/SonarDemoApp-bwkekhgxewmphccxtpzaegwvzxmi/Build/Intermediates.noindex/Pods.build/Debug-iphonesimulator/Pods-SonarDemoApp.build/module.modulemap

Ditto /Users/shamvil/Library/Developer/Xcode/DerivedData/SonarDemoApp-bwkekhgxewmphccxtpzaegwvzxmi/Build/Intermediates.noindex/Pods.build/Debug-iphonesimulator/Pods-SonarDemoApp.build/module.modulemap /Users/shamvil/Library/Developer/Xcode/DerivedData/SonarDemoApp-bwkekhgxewmphccxtpzaegwvzxmi/Build/Products/Debug-iphonesimulator/Pods_SonarDemoApp.framework/Modules/module.modulemap (in target 'Pods-SonarDemoApp' from project 'Pods')
    cd /Users/shamvil/Desktop/SonarDemoApp/Pods
    builtin-copy -exclude .DS_Store -exclude CVS -exclude .svn -exclude .git -exclude .hg -resolve-src-symlinks /Users/shamvil/Library/Developer/Xcode/DerivedData/SonarDemoApp-bwkekhgxewmphccxtpzaegwvzxmi/Build/Intermediates.noindex/Pods.build/Debug-iphonesimulator/Pods-SonarDemoApp.build/module.modulemap /Users/shamvil/Library/Developer/Xcode/DerivedData/SonarDemoApp-bwkekhgxewmphccxtpzaegwvzxmi/Build/Products/Debug-iphonesimulator/Pods_SonarDemoApp.framework/Modules

WriteAuxiliaryFile /Users/shamvil/Library/Developer/Xcode/DerivedData/SonarDemoApp-bwkekhgxewmphccxtpzaegwvzxmi/Build/Intermediates.noindex/Pods.build/Debug-iphonesimulator/Pods-SonarDemoApp.build/DerivedSources/Pods_SonarDemoApp_vers.c (in target 'Pods-SonarDemoApp' from project 'Pods')
    cd /Users/shamvil/Desktop/SonarDemoApp/Pods
    write-file /Users/shamvil/Library/Developer/Xcode/DerivedData/SonarDemoApp-bwkekhgxewmphccxtpzaegwvzxmi/Build/Intermediates.noindex/Pods.build/Debug-iphonesimulator/Pods-SonarDemoApp.build/DerivedSources/Pods_SonarDemoApp_vers.c

CompileC /Users/shamvil/Library/Developer/Xcode/DerivedData/SonarDemoApp-bwkekhgxewmphccxtpzaegwvzxmi/Build/Intermediates.noindex/Pods.build/Debug-iphonesimulator/Pods-SonarDemoApp.build/Objects-normal/x86_64/Pods-SonarDemoApp-dummy.o /Users/shamvil/Desktop/SonarDemoApp/Pods/Target\ Support\ Files/Pods-SonarDemoApp/Pods-SonarDemoApp-dummy.m normal x86_64 objective-c com.apple.compilers.llvm.clang.1_0.compiler (in target 'Pods-SonarDemoApp' from project 'Pods')
    cd /Users/shamvil/Desktop/SonarDemoApp/Pods
    export LANG=en_US.US-ASCII
    /Applications/Xcode.app/Contents/Developer/Toolchains/XcodeDefault.xctoolchain/usr/bin/clang -x objective-c -target x86_64-apple-ios13.2-simulator -fmessage-length=0 -fdiagnostics-show-note-include-stack -fmacro-backtrace-limit=0 -std=gnu11 -fobjc-arc -fmodules -gmodules -fmodules-cache-path=/Users/shamvil/Library/Developer/Xcode/DerivedData/ModuleCache.noindex -fmodules-prune-interval=86400 -fmodules-prune-after=345600 -fbuild-session-file=/Users/shamvil/Library/Developer/Xcode/DerivedData/ModuleCache.noindex/Session.modulevalidation -fmodules-validate-once-per-build-session -Wnon-modular-include-in-framework-module -Werror=non-modular-include-in-framework-module -fmodule-name=Pods_SonarDemoApp -Wno-trigraphs -fpascal-strings -O0 -fno-common -Wno-missing-field-initializers -Wno-missing-prototypes -Werror=return-type -Wdocumentation -Wunreachable-code -Wno-implicit-atomic-properties -Werror=deprecated-objc-isa-usage -Wno-objc-interface-ivars -Werror=objc-root-class -Wno-arc-repeated-use-of-weak -Wimplicit-retain-self -Wduplicate-method-match -Wno-missing-braces -Wparentheses -Wswitch -Wunused-function -Wno-unused-label -Wno-unused-parameter -Wunused-variable -Wunused-value -Wempty-body -Wuninitialized -Wconditional-uninitialized -Wno-unknown-pragmas -Wno-shadow -Wno-four-char-constants -Wno-conversion -Wconstant-conversion -Wint-conversion -Wbool-conversion -Wenum-conversion -Wno-float-conversion -Wnon-literal-null-conversion -Wobjc-literal-conversion -Wshorten-64-to-32 -Wpointer-sign -Wno-newline-eof -Wno-selector -Wno-strict-selector-match -Wundeclared-selector -Wdeprecated-implementations -DPOD_CONFIGURATION_DEBUG=1 -DDEBUG=1 -DCOCOAPODS=1 -DOBJC_OLD_DISPATCH_PROTOTYPES=0 -isysroot /Applications/Xcode.app/Contents/Developer/Platforms/iPhoneSimulator.platform/Developer/SDKs/iPhoneSimulator13.2.sdk -fasm-blocks -fstrict-aliasing -Wprotocol -Wdeprecated-declarations -g -Wno-sign-conversion -Winfinite-recursion -Wcomma -Wblock-capture-autoreleasing -Wstrict-prototypes -Wno-semicolon-before-method-body -Wunguarded-availability -fobjc-abi-version=2 -fobjc-legacy-dispatch -fprofile-instr-generate -fcoverage-mapping -iquote /Users/shamvil/Library/Developer/Xcode/DerivedData/SonarDemoApp-bwkekhgxewmphccxtpzaegwvzxmi/Build/Intermediates.noindex/Pods.build/Debug-iphonesimulator/Pods-SonarDemoApp.build/Pods_SonarDemoApp-generated-files.hmap -I/Users/shamvil/Library/Developer/Xcode/DerivedData/SonarDemoApp-bwkekhgxewmphccxtpzaegwvzxmi/Build/Intermediates.noindex/Pods.build/Debug-iphonesimulator/Pods-SonarDemoApp.build/Pods_SonarDemoApp-own-target-headers.hmap -I/Users/shamvil/Library/Developer/Xcode/DerivedData/SonarDemoApp-bwkekhgxewmphccxtpzaegwvzxmi/Build/Intermediates.noindex/Pods.build/Debug-iphonesimulator/Pods-SonarDemoApp.build/Pods_SonarDemoApp-all-non-framework-target-headers.hmap -ivfsoverlay /Users/shamvil/Library/Developer/Xcode/DerivedData/SonarDemoApp-bwkekhgxewmphccxtpzaegwvzxmi/Build/Intermediates.noindex/Pods.build/Debug-iphonesimulator/Pods-SonarDemoApp.build/all-product-headers.yaml -iquote /Users/shamvil/Library/Developer/Xcode/DerivedData/SonarDemoApp-bwkekhgxewmphccxtpzaegwvzxmi/Build/Intermediates.noindex/Pods.build/Debug-iphonesimulator/Pods-SonarDemoApp.build/Pods_SonarDemoApp-project-headers.hmap -I/Users/shamvil/Library/Developer/Xcode/DerivedData/SonarDemoApp-bwkekhgxewmphccxtpzaegwvzxmi/Build/Products/Debug-iphonesimulator/include -I/Users/shamvil/Library/Developer/Xcode/DerivedData/SonarDemoApp-bwkekhgxewmphccxtpzaegwvzxmi/Build/Intermediates.noindex/Pods.build/Debug-iphonesimulator/Pods-SonarDemoApp.build/DerivedSources-normal/x86_64 -I/Users/shamvil/Library/Developer/Xcode/DerivedData/SonarDemoApp-bwkekhgxewmphccxtpzaegwvzxmi/Build/Intermediates.noindex/Pods.build/Debug-iphonesimulator/Pods-SonarDemoApp.build/DerivedSources/x86_64 -I/Users/shamvil/Library/Developer/Xcode/DerivedData/SonarDemoApp-bwkekhgxewmphccxtpzaegwvzxmi/Build/Intermediates.noindex/Pods.build/Debug-iphonesimulator/Pods-SonarDemoApp.build/DerivedSources -F/Users/shamvil/Library/Developer/Xcode/DerivedData/SonarDemoApp-bwkekhgxewmphccxtpzaegwvzxmi/Build/Products/Debug-iphonesimulator -MMD -MT dependencies -MF /Users/shamvil/Library/Developer/Xcode/DerivedData/SonarDemoApp-bwkekhgxewmphccxtpzaegwvzxmi/Build/Intermediates.noindex/Pods.build/Debug-iphonesimulator/Pods-SonarDemoApp.build/Objects-normal/x86_64/Pods-SonarDemoApp-dummy.d --serialize-diagnostics /Users/shamvil/Library/Developer/Xcode/DerivedData/SonarDemoApp-bwkekhgxewmphccxtpzaegwvzxmi/Build/Intermediates.noindex/Pods.build/Debug-iphonesimulator/Pods-SonarDemoApp.build/Objects-normal/x86_64/Pods-SonarDemoApp-dummy.dia -c /Users/shamvil/Desktop/SonarDemoApp/Pods/Target\ Support\ Files/Pods-SonarDemoApp/Pods-SonarDemoApp-dummy.m -o /Users/shamvil/Library/Developer/Xcode/DerivedData/SonarDemoApp-bwkekhgxewmphccxtpzaegwvzxmi/Build/Intermediates.noindex/Pods.build/Debug-iphonesimulator/Pods-SonarDemoApp.build/Objects-normal/x86_64/Pods-SonarDemoApp-dummy.o

WriteAuxiliaryFile /Users/shamvil/Library/Developer/Xcode/DerivedData/SonarDemoApp-bwkekhgxewmphccxtpzaegwvzxmi/Build/Intermediates.noindex/Pods.build/Debug-iphonesimulator/Pods-SonarDemoApp.build/Objects-normal/x86_64/Pods_SonarDemoApp.LinkFileList (in target 'Pods-SonarDemoApp' from project 'Pods')
    cd /Users/shamvil/Desktop/SonarDemoApp/Pods
    write-file /Users/shamvil/Library/Developer/Xcode/DerivedData/SonarDemoApp-bwkekhgxewmphccxtpzaegwvzxmi/Build/Intermediates.noindex/Pods.build/Debug-iphonesimulator/Pods-SonarDemoApp.build/Objects-normal/x86_64/Pods_SonarDemoApp.LinkFileList

CompileC /Users/shamvil/Library/Developer/Xcode/DerivedData/SonarDemoApp-bwkekhgxewmphccxtpzaegwvzxmi/Build/Intermediates.noindex/Pods.build/Debug-iphonesimulator/Pods-SonarDemoApp.build/Objects-normal/x86_64/Pods_SonarDemoApp_vers.o /Users/shamvil/Library/Developer/Xcode/DerivedData/SonarDemoApp-bwkekhgxewmphccxtpzaegwvzxmi/Build/Intermediates.noindex/Pods.build/Debug-iphonesimulator/Pods-SonarDemoApp.build/DerivedSources/Pods_SonarDemoApp_vers.c normal x86_64 c com.apple.compilers.llvm.clang.1_0.compiler (in target 'Pods-SonarDemoApp' from project 'Pods')
    cd /Users/shamvil/Desktop/SonarDemoApp/Pods
    export LANG=en_US.US-ASCII
    /Applications/Xcode.app/Contents/Developer/Toolchains/XcodeDefault.xctoolchain/usr/bin/clang -x c -target x86_64-apple-ios13.2-simulator -fmessage-length=0 -fdiagnostics-show-note-include-stack -fmacro-backtrace-limit=0 -std=gnu11 -fmodules -gmodules -fmodules-cache-path=/Users/shamvil/Library/Developer/Xcode/DerivedData/ModuleCache.noindex -fmodules-prune-interval=86400 -fmodules-prune-after=345600 -fbuild-session-file=/Users/shamvil/Library/Developer/Xcode/DerivedData/ModuleCache.noindex/Session.modulevalidation -fmodules-validate-once-per-build-session -Wnon-modular-include-in-framework-module -Werror=non-modular-include-in-framework-module -fmodule-name=Pods_SonarDemoApp -Wno-trigraphs -fpascal-strings -O0 -fno-common -Wno-missing-field-initializers -Wno-missing-prototypes -Werror=return-type -Wdocumentation -Wunreachable-code -Werror=deprecated-objc-isa-usage -Werror=objc-root-class -Wno-missing-braces -Wparentheses -Wswitch -Wunused-function -Wno-unused-label -Wno-unused-parameter -Wunused-variable -Wunused-value -Wempty-body -Wuninitialized -Wconditional-uninitialized -Wno-unknown-pragmas -Wno-shadow -Wno-four-char-constants -Wno-conversion -Wconstant-conversion -Wint-conversion -Wbool-conversion -Wenum-conversion -Wno-float-conversion -Wnon-literal-null-conversion -Wobjc-literal-conversion -Wshorten-64-to-32 -Wpointer-sign -Wno-newline-eof -DPOD_CONFIGURATION_DEBUG=1 -DDEBUG=1 -DCOCOAPODS=1 -isysroot /Applications/Xcode.app/Contents/Developer/Platforms/iPhoneSimulator.platform/Developer/SDKs/iPhoneSimulator13.2.sdk -fasm-blocks -fstrict-aliasing -Wdeprecated-declarations -g -Wno-sign-conversion -Winfinite-recursion -Wcomma -Wblock-capture-autoreleasing -Wstrict-prototypes -Wno-semicolon-before-method-body -Wunguarded-availability -fprofile-instr-generate -fcoverage-mapping -iquote /Users/shamvil/Library/Developer/Xcode/DerivedData/SonarDemoApp-bwkekhgxewmphccxtpzaegwvzxmi/Build/Intermediates.noindex/Pods.build/Debug-iphonesimulator/Pods-SonarDemoApp.build/Pods_SonarDemoApp-generated-files.hmap -I/Users/shamvil/Library/Developer/Xcode/DerivedData/SonarDemoApp-bwkekhgxewmphccxtpzaegwvzxmi/Build/Intermediates.noindex/Pods.build/Debug-iphonesimulator/Pods-SonarDemoApp.build/Pods_SonarDemoApp-own-target-headers.hmap -I/Users/shamvil/Library/Developer/Xcode/DerivedData/SonarDemoApp-bwkekhgxewmphccxtpzaegwvzxmi/Build/Intermediates.noindex/Pods.build/Debug-iphonesimulator/Pods-SonarDemoApp.build/Pods_SonarDemoApp-all-non-framework-target-headers.hmap -ivfsoverlay /Users/shamvil/Library/Developer/Xcode/DerivedData/SonarDemoApp-bwkekhgxewmphccxtpzaegwvzxmi/Build/Intermediates.noindex/Pods.build/Debug-iphonesimulator/Pods-SonarDemoApp.build/all-product-headers.yaml -iquote /Users/shamvil/Library/Developer/Xcode/DerivedData/SonarDemoApp-bwkekhgxewmphccxtpzaegwvzxmi/Build/Intermediates.noindex/Pods.build/Debug-iphonesimulator/Pods-SonarDemoApp.build/Pods_SonarDemoApp-project-headers.hmap -I/Users/shamvil/Library/Developer/Xcode/DerivedData/SonarDemoApp-bwkekhgxewmphccxtpzaegwvzxmi/Build/Products/Debug-iphonesimulator/include -I/Users/shamvil/Library/Developer/Xcode/DerivedData/SonarDemoApp-bwkekhgxewmphccxtpzaegwvzxmi/Build/Intermediates.noindex/Pods.build/Debug-iphonesimulator/Pods-SonarDemoApp.build/DerivedSources-normal/x86_64 -I/Users/shamvil/Library/Developer/Xcode/DerivedData/SonarDemoApp-bwkekhgxewmphccxtpzaegwvzxmi/Build/Intermediates.noindex/Pods.build/Debug-iphonesimulator/Pods-SonarDemoApp.build/DerivedSources/x86_64 -I/Users/shamvil/Library/Developer/Xcode/DerivedData/SonarDemoApp-bwkekhgxewmphccxtpzaegwvzxmi/Build/Intermediates.noindex/Pods.build/Debug-iphonesimulator/Pods-SonarDemoApp.build/DerivedSources -F/Users/shamvil/Library/Developer/Xcode/DerivedData/SonarDemoApp-bwkekhgxewmphccxtpzaegwvzxmi/Build/Products/Debug-iphonesimulator -MMD -MT dependencies -MF /Users/shamvil/Library/Developer/Xcode/DerivedData/SonarDemoApp-bwkekhgxewmphccxtpzaegwvzxmi/Build/Intermediates.noindex/Pods.build/Debug-iphonesimulator/Pods-SonarDemoApp.build/Objects-normal/x86_64/Pods_SonarDemoApp_vers.d --serialize-diagnostics /Users/shamvil/Library/Developer/Xcode/DerivedData/SonarDemoApp-bwkekhgxewmphccxtpzaegwvzxmi/Build/Intermediates.noindex/Pods.build/Debug-iphonesimulator/Pods-SonarDemoApp.build/Objects-normal/x86_64/Pods_SonarDemoApp_vers.dia -c /Users/shamvil/Library/Developer/Xcode/DerivedData/SonarDemoApp-bwkekhgxewmphccxtpzaegwvzxmi/Build/Intermediates.noindex/Pods.build/Debug-iphonesimulator/Pods-SonarDemoApp.build/DerivedSources/Pods_SonarDemoApp_vers.c -o /Users/shamvil/Library/Developer/Xcode/DerivedData/SonarDemoApp-bwkekhgxewmphccxtpzaegwvzxmi/Build/Intermediates.noindex/Pods.build/Debug-iphonesimulator/Pods-SonarDemoApp.build/Objects-normal/x86_64/Pods_SonarDemoApp_vers.o

Libtool /Users/shamvil/Library/Developer/Xcode/DerivedData/SonarDemoApp-bwkekhgxewmphccxtpzaegwvzxmi/Build/Products/Debug-iphonesimulator/Pods_SonarDemoApp.framework/Pods_SonarDemoApp normal x86_64 (in target 'Pods-SonarDemoApp' from project 'Pods')
    cd /Users/shamvil/Desktop/SonarDemoApp/Pods
    export IPHONEOS_DEPLOYMENT_TARGET=13.2
    /Applications/Xcode.app/Contents/Developer/Toolchains/XcodeDefault.xctoolchain/usr/bin/libtool -static -arch_only x86_64 -D -syslibroot /Applications/Xcode.app/Contents/Developer/Platforms/iPhoneSimulator.platform/Developer/SDKs/iPhoneSimulator13.2.sdk -L/Users/shamvil/Library/Developer/Xcode/DerivedData/SonarDemoApp-bwkekhgxewmphccxtpzaegwvzxmi/Build/Products/Debug-iphonesimulator -filelist /Users/shamvil/Library/Developer/Xcode/DerivedData/SonarDemoApp-bwkekhgxewmphccxtpzaegwvzxmi/Build/Intermediates.noindex/Pods.build/Debug-iphonesimulator/Pods-SonarDemoApp.build/Objects-normal/x86_64/Pods_SonarDemoApp.LinkFileList -framework Foundation -o /Users/shamvil/Library/Developer/Xcode/DerivedData/SonarDemoApp-bwkekhgxewmphccxtpzaegwvzxmi/Build/Products/Debug-iphonesimulator/Pods_SonarDemoApp.framework/Pods_SonarDemoApp

WriteAuxiliaryFile /Users/shamvil/Library/Developer/Xcode/DerivedData/SonarDemoApp-bwkekhgxewmphccxtpzaegwvzxmi/Build/Intermediates.noindex/SonarDemoApp.build/Debug-iphonesimulator/SonarDemoApp.build/DerivedSources/Entitlements.plist (in target 'SonarDemoApp' from project 'SonarDemoApp')
    cd /Users/shamvil/Desktop/SonarDemoApp
    write-file /Users/shamvil/Library/Developer/Xcode/DerivedData/SonarDemoApp-bwkekhgxewmphccxtpzaegwvzxmi/Build/Intermediates.noindex/SonarDemoApp.build/Debug-iphonesimulator/SonarDemoApp.build/DerivedSources/Entitlements.plist

WriteAuxiliaryFile /Users/shamvil/Library/Developer/Xcode/DerivedData/SonarDemoApp-bwkekhgxewmphccxtpzaegwvzxmi/Build/Intermediates.noindex/SonarDemoApp.build/Debug-iphonesimulator/SonarDemoApp.build/DerivedSources/Entitlements-Simulated.plist (in target 'SonarDemoApp' from project 'SonarDemoApp')
    cd /Users/shamvil/Desktop/SonarDemoApp
    write-file /Users/shamvil/Library/Developer/Xcode/DerivedData/SonarDemoApp-bwkekhgxewmphccxtpzaegwvzxmi/Build/Intermediates.noindex/SonarDemoApp.build/Debug-iphonesimulator/SonarDemoApp.build/DerivedSources/Entitlements-Simulated.plist

CodeSign /Users/shamvil/Library/Developer/Xcode/DerivedData/SonarDemoApp-bwkekhgxewmphccxtpzaegwvzxmi/Build/Products/Debug-iphonesimulator/Pods_SonarDemoApp.framework (in target 'Pods-SonarDemoApp' from project 'Pods')
    cd /Users/shamvil/Desktop/SonarDemoApp/Pods
    export CODESIGN_ALLOCATE=/Applications/Xcode.app/Contents/Developer/Toolchains/XcodeDefault.xctoolchain/usr/bin/codesign_allocate
    
Signing Identity:     "-"

    /usr/bin/codesign --force --sign - --timestamp=none /Users/shamvil/Library/Developer/Xcode/DerivedData/SonarDemoApp-bwkekhgxewmphccxtpzaegwvzxmi/Build/Products/Debug-iphonesimulator/Pods_SonarDemoApp.framework

RegisterExecutionPolicyException /Users/shamvil/Library/Developer/Xcode/DerivedData/SonarDemoApp-bwkekhgxewmphccxtpzaegwvzxmi/Build/Products/Debug-iphonesimulator/Pods_SonarDemoApp.framework (in target 'Pods-SonarDemoApp' from project 'Pods')
    cd /Users/shamvil/Desktop/SonarDemoApp/Pods
    builtin-RegisterExecutionPolicyException /Users/shamvil/Library/Developer/Xcode/DerivedData/SonarDemoApp-bwkekhgxewmphccxtpzaegwvzxmi/Build/Products/Debug-iphonesimulator/Pods_SonarDemoApp.framework
note: Execution policy exception registration failed and was skipped: Error Domain=NSPOSIXErrorDomain Code=1 "Operation not permitted" (in target 'Pods-SonarDemoApp' from project 'Pods')

ProcessProductPackaging "" /Users/shamvil/Library/Developer/Xcode/DerivedData/SonarDemoApp-bwkekhgxewmphccxtpzaegwvzxmi/Build/Intermediates.noindex/SonarDemoApp.build/Debug-iphonesimulator/SonarDemoApp.build/SonarDemoApp.app.xcent (in target 'SonarDemoApp' from project 'SonarDemoApp')
    cd /Users/shamvil/Desktop/SonarDemoApp
    

Entitlements:

{
    "com.apple.security.get-task-allow" = 1;
}


    builtin-productPackagingUtility -entitlements -format xml -o /Users/shamvil/Library/Developer/Xcode/DerivedData/SonarDemoApp-bwkekhgxewmphccxtpzaegwvzxmi/Build/Intermediates.noindex/SonarDemoApp.build/Debug-iphonesimulator/SonarDemoApp.build/SonarDemoApp.app.xcent

ProcessProductPackaging "" /Users/shamvil/Library/Developer/Xcode/DerivedData/SonarDemoApp-bwkekhgxewmphccxtpzaegwvzxmi/Build/Intermediates.noindex/SonarDemoApp.build/Debug-iphonesimulator/SonarDemoApp.build/SonarDemoApp.app-Simulated.xcent (in target 'SonarDemoApp' from project 'SonarDemoApp')
    cd /Users/shamvil/Desktop/SonarDemoApp
    

Entitlements:

{
    "application-identifier" = "4KJ76KUN5A.com.test.test.SonarDemoApp";
    "keychain-access-groups" =     (
        "4KJ76KUN5A.com.test.test.SonarDemoApp"
    );
}


    builtin-productPackagingUtility -entitlements -format xml -o /Users/shamvil/Library/Developer/Xcode/DerivedData/SonarDemoApp-bwkekhgxewmphccxtpzaegwvzxmi/Build/Intermediates.noindex/SonarDemoApp.build/Debug-iphonesimulator/SonarDemoApp.build/SonarDemoApp.app-Simulated.xcent

WriteAuxiliaryFile /Users/shamvil/Library/Developer/Xcode/DerivedData/SonarDemoApp-bwkekhgxewmphccxtpzaegwvzxmi/Build/Intermediates.noindex/SonarDemoApp.build/Debug-iphonesimulator/SonarDemoApp.build/SonarDemoApp-project-headers.hmap (in target 'SonarDemoApp' from project 'SonarDemoApp')
    cd /Users/shamvil/Desktop/SonarDemoApp
    write-file /Users/shamvil/Library/Developer/Xcode/DerivedData/SonarDemoApp-bwkekhgxewmphccxtpzaegwvzxmi/Build/Intermediates.noindex/SonarDemoApp.build/Debug-iphonesimulator/SonarDemoApp.build/SonarDemoApp-project-headers.hmap

WriteAuxiliaryFile /Users/shamvil/Library/Developer/Xcode/DerivedData/SonarDemoApp-bwkekhgxewmphccxtpzaegwvzxmi/Build/Intermediates.noindex/SonarDemoApp.build/Debug-iphonesimulator/SonarDemoApp.build/SonarDemoApp.hmap (in target 'SonarDemoApp' from project 'SonarDemoApp')
    cd /Users/shamvil/Desktop/SonarDemoApp
    write-file /Users/shamvil/Library/Developer/Xcode/DerivedData/SonarDemoApp-bwkekhgxewmphccxtpzaegwvzxmi/Build/Intermediates.noindex/SonarDemoApp.build/Debug-iphonesimulator/SonarDemoApp.build/SonarDemoApp.hmap

WriteAuxiliaryFile /Users/shamvil/Library/Developer/Xcode/DerivedData/SonarDemoApp-bwkekhgxewmphccxtpzaegwvzxmi/Build/Intermediates.noindex/SonarDemoApp.build/Debug-iphonesimulator/SonarDemoApp.build/SonarDemoApp-own-target-headers.hmap (in target 'SonarDemoApp' from project 'SonarDemoApp')
    cd /Users/shamvil/Desktop/SonarDemoApp
    write-file /Users/shamvil/Library/Developer/Xcode/DerivedData/SonarDemoApp-bwkekhgxewmphccxtpzaegwvzxmi/Build/Intermediates.noindex/SonarDemoApp.build/Debug-iphonesimulator/SonarDemoApp.build/SonarDemoApp-own-target-headers.hmap

WriteAuxiliaryFile /Users/shamvil/Library/Developer/Xcode/DerivedData/SonarDemoApp-bwkekhgxewmphccxtpzaegwvzxmi/Build/Intermediates.noindex/SonarDemoApp.build/Debug-iphonesimulator/SonarDemoApp.build/all-product-headers.yaml (in target 'SonarDemoApp' from project 'SonarDemoApp')
    cd /Users/shamvil/Desktop/SonarDemoApp
    write-file /Users/shamvil/Library/Developer/Xcode/DerivedData/SonarDemoApp-bwkekhgxewmphccxtpzaegwvzxmi/Build/Intermediates.noindex/SonarDemoApp.build/Debug-iphonesimulator/SonarDemoApp.build/all-product-headers.yaml

WriteAuxiliaryFile /Users/shamvil/Library/Developer/Xcode/DerivedData/SonarDemoApp-bwkekhgxewmphccxtpzaegwvzxmi/Build/Intermediates.noindex/SonarDemoApp.build/Debug-iphonesimulator/SonarDemoApp.build/SonarDemoApp-all-non-framework-target-headers.hmap (in target 'SonarDemoApp' from project 'SonarDemoApp')
    cd /Users/shamvil/Desktop/SonarDemoApp
    write-file /Users/shamvil/Library/Developer/Xcode/DerivedData/SonarDemoApp-bwkekhgxewmphccxtpzaegwvzxmi/Build/Intermediates.noindex/SonarDemoApp.build/Debug-iphonesimulator/SonarDemoApp.build/SonarDemoApp-all-non-framework-target-headers.hmap

WriteAuxiliaryFile /Users/shamvil/Library/Developer/Xcode/DerivedData/SonarDemoApp-bwkekhgxewmphccxtpzaegwvzxmi/Build/Intermediates.noindex/SonarDemoApp.build/Debug-iphonesimulator/SonarDemoApp.build/SonarDemoApp-generated-files.hmap (in target 'SonarDemoApp' from project 'SonarDemoApp')
    cd /Users/shamvil/Desktop/SonarDemoApp
    write-file /Users/shamvil/Library/Developer/Xcode/DerivedData/SonarDemoApp-bwkekhgxewmphccxtpzaegwvzxmi/Build/Intermediates.noindex/SonarDemoApp.build/Debug-iphonesimulator/SonarDemoApp.build/SonarDemoApp-generated-files.hmap

WriteAuxiliaryFile /Users/shamvil/Library/Developer/Xcode/DerivedData/SonarDemoApp-bwkekhgxewmphccxtpzaegwvzxmi/Build/Intermediates.noindex/SonarDemoApp.build/Debug-iphonesimulator/SonarDemoApp.build/SonarDemoApp-all-target-headers.hmap (in target 'SonarDemoApp' from project 'SonarDemoApp')
    cd /Users/shamvil/Desktop/SonarDemoApp
    write-file /Users/shamvil/Library/Developer/Xcode/DerivedData/SonarDemoApp-bwkekhgxewmphccxtpzaegwvzxmi/Build/Intermediates.noindex/SonarDemoApp.build/Debug-iphonesimulator/SonarDemoApp.build/SonarDemoApp-all-target-headers.hmap

Touch /Users/shamvil/Library/Developer/Xcode/DerivedData/SonarDemoApp-bwkekhgxewmphccxtpzaegwvzxmi/Build/Products/Debug-iphonesimulator/Pods_SonarDemoApp.framework (in target 'Pods-SonarDemoApp' from project 'Pods')
    cd /Users/shamvil/Desktop/SonarDemoApp/Pods
    /usr/bin/touch -c /Users/shamvil/Library/Developer/Xcode/DerivedData/SonarDemoApp-bwkekhgxewmphccxtpzaegwvzxmi/Build/Products/Debug-iphonesimulator/Pods_SonarDemoApp.framework

WriteAuxiliaryFile /Users/shamvil/Library/Developer/Xcode/DerivedData/SonarDemoApp-bwkekhgxewmphccxtpzaegwvzxmi/Build/Intermediates.noindex/SonarDemoApp.build/Debug-iphonesimulator/SonarDemoApp.build/Script-7807F7AF3FB991A49EEEAC7E.sh (in target 'SonarDemoApp' from project 'SonarDemoApp')
    cd /Users/shamvil/Desktop/SonarDemoApp
    write-file /Users/shamvil/Library/Developer/Xcode/DerivedData/SonarDemoApp-bwkekhgxewmphccxtpzaegwvzxmi/Build/Intermediates.noindex/SonarDemoApp.build/Debug-iphonesimulator/SonarDemoApp.build/Script-7807F7AF3FB991A49EEEAC7E.sh

PhaseScriptExecution [CP]\ Check\ Pods\ Manifest.lock /Users/shamvil/Library/Developer/Xcode/DerivedData/SonarDemoApp-bwkekhgxewmphccxtpzaegwvzxmi/Build/Intermediates.noindex/SonarDemoApp.build/Debug-iphonesimulator/SonarDemoApp.build/Script-7807F7AF3FB991A49EEEAC7E.sh (in target 'SonarDemoApp' from project 'SonarDemoApp')
    cd /Users/shamvil/Desktop/SonarDemoApp
    /bin/sh -c /Users/shamvil/Library/Developer/Xcode/DerivedData/SonarDemoApp-bwkekhgxewmphccxtpzaegwvzxmi/Build/Intermediates.noindex/SonarDemoApp.build/Debug-iphonesimulator/SonarDemoApp.build/Script-7807F7AF3FB991A49EEEAC7E.sh

WriteAuxiliaryFile /Users/shamvil/Library/Developer/Xcode/DerivedData/SonarDemoApp-bwkekhgxewmphccxtpzaegwvzxmi/Build/Intermediates.noindex/SonarDemoApp.build/Debug-iphonesimulator/SonarDemoApp.build/Objects-normal/x86_64/SonarDemoApp.LinkFileList (in target 'SonarDemoApp' from project 'SonarDemoApp')
    cd /Users/shamvil/Desktop/SonarDemoApp
    write-file /Users/shamvil/Library/Developer/Xcode/DerivedData/SonarDemoApp-bwkekhgxewmphccxtpzaegwvzxmi/Build/Intermediates.noindex/SonarDemoApp.build/Debug-iphonesimulator/SonarDemoApp.build/Objects-normal/x86_64/SonarDemoApp.LinkFileList

WriteAuxiliaryFile /Users/shamvil/Library/Developer/Xcode/DerivedData/SonarDemoApp-bwkekhgxewmphccxtpzaegwvzxmi/Build/Intermediates.noindex/SonarDemoApp.build/Debug-iphonesimulator/SonarDemoApp.build/Objects-normal/x86_64/SonarDemoApp-OutputFileMap.json (in target 'SonarDemoApp' from project 'SonarDemoApp')
    cd /Users/shamvil/Desktop/SonarDemoApp
    write-file /Users/shamvil/Library/Developer/Xcode/DerivedData/SonarDemoApp-bwkekhgxewmphccxtpzaegwvzxmi/Build/Intermediates.noindex/SonarDemoApp.build/Debug-iphonesimulator/SonarDemoApp.build/Objects-normal/x86_64/SonarDemoApp-OutputFileMap.json

WriteAuxiliaryFile /Users/shamvil/Library/Developer/Xcode/DerivedData/SonarDemoApp-bwkekhgxewmphccxtpzaegwvzxmi/Build/Intermediates.noindex/SonarDemoApp.build/Debug-iphonesimulator/SonarDemoApp.build/Objects-normal/x86_64/SonarDemoApp.SwiftFileList (in target 'SonarDemoApp' from project 'SonarDemoApp')
    cd /Users/shamvil/Desktop/SonarDemoApp
    write-file /Users/shamvil/Library/Developer/Xcode/DerivedData/SonarDemoApp-bwkekhgxewmphccxtpzaegwvzxmi/Build/Intermediates.noindex/SonarDemoApp.build/Debug-iphonesimulator/SonarDemoApp.build/Objects-normal/x86_64/SonarDemoApp.SwiftFileList

CompileSwiftSources normal x86_64 com.apple.xcode.tools.swift.compiler (in target 'SonarDemoApp' from project 'SonarDemoApp')
    cd /Users/shamvil/Desktop/SonarDemoApp
    export DEVELOPER_DIR=/Applications/Xcode.app/Contents/Developer
    export SDKROOT=/Applications/Xcode.app/Contents/Developer/Platforms/iPhoneSimulator.platform/Developer/SDKs/iPhoneSimulator13.2.sdk
    /Applications/Xcode.app/Contents/Developer/Toolchains/XcodeDefault.xctoolchain/usr/bin/swiftc -incremental -module-name SonarDemoApp -Onone -enable-batch-mode -enforce-exclusivity=checked @/Users/shamvil/Library/Developer/Xcode/DerivedData/SonarDemoApp-bwkekhgxewmphccxtpzaegwvzxmi/Build/Intermediates.noindex/SonarDemoApp.build/Debug-iphonesimulator/SonarDemoApp.build/Objects-normal/x86_64/SonarDemoApp.SwiftFileList -DDEBUG -sdk /Applications/Xcode.app/Contents/Developer/Platforms/iPhoneSimulator.platform/Developer/SDKs/iPhoneSimulator13.2.sdk -target x86_64-apple-ios13.2-simulator -g -module-cache-path /Users/shamvil/Library/Developer/Xcode/DerivedData/ModuleCache.noindex -Xfrontend -serialize-debugging-options -profile-coverage-mapping -profile-generate -enable-testing -swift-version 5 -I /Users/shamvil/Library/Developer/Xcode/DerivedData/SonarDemoApp-bwkekhgxewmphccxtpzaegwvzxmi/Build/Products/Debug-iphonesimulator -F /Users/shamvil/Library/Developer/Xcode/DerivedData/SonarDemoApp-bwkekhgxewmphccxtpzaegwvzxmi/Build/Products/Debug-iphonesimulator -c -j8 -output-file-map /Users/shamvil/Library/Developer/Xcode/DerivedData/SonarDemoApp-bwkekhgxewmphccxtpzaegwvzxmi/Build/Intermediates.noindex/SonarDemoApp.build/Debug-iphonesimulator/SonarDemoApp.build/Objects-normal/x86_64/SonarDemoApp-OutputFileMap.json -parseable-output -serialize-diagnostics -emit-dependencies -emit-module -emit-module-path /Users/shamvil/Library/Developer/Xcode/DerivedData/SonarDemoApp-bwkekhgxewmphccxtpzaegwvzxmi/Build/Intermediates.noindex/SonarDemoApp.build/Debug-iphonesimulator/SonarDemoApp.build/Objects-normal/x86_64/SonarDemoApp.swiftmodule -Xcc -I/Users/shamvil/Library/Developer/Xcode/DerivedData/SonarDemoApp-bwkekhgxewmphccxtpzaegwvzxmi/Build/Intermediates.noindex/SonarDemoApp.build/Debug-iphonesimulator/SonarDemoApp.build/swift-overrides.hmap -Xcc -iquote -Xcc /Users/shamvil/Library/Developer/Xcode/DerivedData/SonarDemoApp-bwkekhgxewmphccxtpzaegwvzxmi/Build/Intermediates.noindex/SonarDemoApp.build/Debug-iphonesimulator/SonarDemoApp.build/SonarDemoApp-generated-files.hmap -Xcc -I/Users/shamvil/Library/Developer/Xcode/DerivedData/SonarDemoApp-bwkekhgxewmphccxtpzaegwvzxmi/Build/Intermediates.noindex/SonarDemoApp.build/Debug-iphonesimulator/SonarDemoApp.build/SonarDemoApp-own-target-headers.hmap -Xcc -I/Users/shamvil/Library/Developer/Xcode/DerivedData/SonarDemoApp-bwkekhgxewmphccxtpzaegwvzxmi/Build/Intermediates.noindex/SonarDemoApp.build/Debug-iphonesimulator/SonarDemoApp.build/SonarDemoApp-all-non-framework-target-headers.hmap -Xcc -ivfsoverlay -Xcc /Users/shamvil/Library/Developer/Xcode/DerivedData/SonarDemoApp-bwkekhgxewmphccxtpzaegwvzxmi/Build/Intermediates.noindex/SonarDemoApp.build/Debug-iphonesimulator/SonarDemoApp.build/all-product-headers.yaml -Xcc -iquote -Xcc /Users/shamvil/Library/Developer/Xcode/DerivedData/SonarDemoApp-bwkekhgxewmphccxtpzaegwvzxmi/Build/Intermediates.noindex/SonarDemoApp.build/Debug-iphonesimulator/SonarDemoApp.build/SonarDemoApp-project-headers.hmap -Xcc -I/Users/shamvil/Library/Developer/Xcode/DerivedData/SonarDemoApp-bwkekhgxewmphccxtpzaegwvzxmi/Build/Products/Debug-iphonesimulator/include -Xcc -I/Users/shamvil/Library/Developer/Xcode/DerivedData/SonarDemoApp-bwkekhgxewmphccxtpzaegwvzxmi/Build/Intermediates.noindex/SonarDemoApp.build/Debug-iphonesimulator/SonarDemoApp.build/DerivedSources-normal/x86_64 -Xcc -I/Users/shamvil/Library/Developer/Xcode/DerivedData/SonarDemoApp-bwkekhgxewmphccxtpzaegwvzxmi/Build/Intermediates.noindex/SonarDemoApp.build/Debug-iphonesimulator/SonarDemoApp.build/DerivedSources/x86_64 -Xcc -I/Users/shamvil/Library/Developer/Xcode/DerivedData/SonarDemoApp-bwkekhgxewmphccxtpzaegwvzxmi/Build/Intermediates.noindex/SonarDemoApp.build/Debug-iphonesimulator/SonarDemoApp.build/DerivedSources -Xcc -DDEBUG=1 -Xcc -DCOCOAPODS=1 -emit-objc-header -emit-objc-header-path /Users/shamvil/Library/Developer/Xcode/DerivedData/SonarDemoApp-bwkekhgxewmphccxtpzaegwvzxmi/Build/Intermediates.noindex/SonarDemoApp.build/Debug-iphonesimulator/SonarDemoApp.build/Objects-normal/x86_64/SonarDemoApp-Swift.h -working-directory /Users/shamvil/Desktop/SonarDemoApp

CompileSwift normal x86_64 /Users/shamvil/Desktop/SonarDemoApp/SonarDemoApp/ViewController.swift (in target 'SonarDemoApp' from project 'SonarDemoApp')
    cd /Users/shamvil/Desktop/SonarDemoApp
    /Applications/Xcode.app/Contents/Developer/Toolchains/XcodeDefault.xctoolchain/usr/bin/swift -frontend -c -primary-file /Users/shamvil/Desktop/SonarDemoApp/SonarDemoApp/ViewController.swift /Users/shamvil/Desktop/SonarDemoApp/SonarDemoApp/AppDelegate.swift /Users/shamvil/Desktop/SonarDemoApp/SonarDemoApp/SceneDelegate.swift -emit-module-path /Users/shamvil/Library/Developer/Xcode/DerivedData/SonarDemoApp-bwkekhgxewmphccxtpzaegwvzxmi/Build/Intermediates.noindex/SonarDemoApp.build/Debug-iphonesimulator/SonarDemoApp.build/Objects-normal/x86_64/ViewController\~partial.swiftmodule -emit-module-doc-path /Users/shamvil/Library/Developer/Xcode/DerivedData/SonarDemoApp-bwkekhgxewmphccxtpzaegwvzxmi/Build/Intermediates.noindex/SonarDemoApp.build/Debug-iphonesimulator/SonarDemoApp.build/Objects-normal/x86_64/ViewController\~partial.swiftdoc -serialize-diagnostics-path /Users/shamvil/Library/Developer/Xcode/DerivedData/SonarDemoApp-bwkekhgxewmphccxtpzaegwvzxmi/Build/Intermediates.noindex/SonarDemoApp.build/Debug-iphonesimulator/SonarDemoApp.build/Objects-normal/x86_64/ViewController.dia -emit-dependencies-path /Users/shamvil/Library/Developer/Xcode/DerivedData/SonarDemoApp-bwkekhgxewmphccxtpzaegwvzxmi/Build/Intermediates.noindex/SonarDemoApp.build/Debug-iphonesimulator/SonarDemoApp.build/Objects-normal/x86_64/ViewController.d -emit-reference-dependencies-path /Users/shamvil/Library/Developer/Xcode/DerivedData/SonarDemoApp-bwkekhgxewmphccxtpzaegwvzxmi/Build/Intermediates.noindex/SonarDemoApp.build/Debug-iphonesimulator/SonarDemoApp.build/Objects-normal/x86_64/ViewController.swiftdeps -target x86_64-apple-ios13.2-simulator -enable-objc-interop -sdk /Applications/Xcode.app/Contents/Developer/Platforms/iPhoneSimulator.platform/Developer/SDKs/iPhoneSimulator13.2.sdk -I /Users/shamvil/Library/Developer/Xcode/DerivedData/SonarDemoApp-bwkekhgxewmphccxtpzaegwvzxmi/Build/Products/Debug-iphonesimulator -F /Users/shamvil/Library/Developer/Xcode/DerivedData/SonarDemoApp-bwkekhgxewmphccxtpzaegwvzxmi/Build/Products/Debug-iphonesimulator -enable-testing -g -module-cache-path /Users/shamvil/Library/Developer/Xcode/DerivedData/ModuleCache.noindex -profile-generate -profile-coverage-mapping -swift-version 5 -enforce-exclusivity=checked -Onone -D DEBUG -serialize-debugging-options -Xcc -working-directory -Xcc /Users/shamvil/Desktop/SonarDemoApp -enable-anonymous-context-mangled-names -Xcc -I/Users/shamvil/Library/Developer/Xcode/DerivedData/SonarDemoApp-bwkekhgxewmphccxtpzaegwvzxmi/Build/Intermediates.noindex/SonarDemoApp.build/Debug-iphonesimulator/SonarDemoApp.build/swift-overrides.hmap -Xcc -iquote -Xcc /Users/shamvil/Library/Developer/Xcode/DerivedData/SonarDemoApp-bwkekhgxewmphccxtpzaegwvzxmi/Build/Intermediates.noindex/SonarDemoApp.build/Debug-iphonesimulator/SonarDemoApp.build/SonarDemoApp-generated-files.hmap -Xcc -I/Users/shamvil/Library/Developer/Xcode/DerivedData/SonarDemoApp-bwkekhgxewmphccxtpzaegwvzxmi/Build/Intermediates.noindex/SonarDemoApp.build/Debug-iphonesimulator/SonarDemoApp.build/SonarDemoApp-own-target-headers.hmap -Xcc -I/Users/shamvil/Library/Developer/Xcode/DerivedData/SonarDemoApp-bwkekhgxewmphccxtpzaegwvzxmi/Build/Intermediates.noindex/SonarDemoApp.build/Debug-iphonesimulator/SonarDemoApp.build/SonarDemoApp-all-non-framework-target-headers.hmap -Xcc -ivfsoverlay -Xcc /Users/shamvil/Library/Developer/Xcode/DerivedData/SonarDemoApp-bwkekhgxewmphccxtpzaegwvzxmi/Build/Intermediates.noindex/SonarDemoApp.build/Debug-iphonesimulator/SonarDemoApp.build/all-product-headers.yaml -Xcc -iquote -Xcc /Users/shamvil/Library/Developer/Xcode/DerivedData/SonarDemoApp-bwkekhgxewmphccxtpzaegwvzxmi/Build/Intermediates.noindex/SonarDemoApp.build/Debug-iphonesimulator/SonarDemoApp.build/SonarDemoApp-project-headers.hmap -Xcc -I/Users/shamvil/Library/Developer/Xcode/DerivedData/SonarDemoApp-bwkekhgxewmphccxtpzaegwvzxmi/Build/Products/Debug-iphonesimulator/include -Xcc -I/Users/shamvil/Library/Developer/Xcode/DerivedData/SonarDemoApp-bwkekhgxewmphccxtpzaegwvzxmi/Build/Intermediates.noindex/SonarDemoApp.build/Debug-iphonesimulator/SonarDemoApp.build/DerivedSources-normal/x86_64 -Xcc -I/Users/shamvil/Library/Developer/Xcode/DerivedData/SonarDemoApp-bwkekhgxewmphccxtpzaegwvzxmi/Build/Intermediates.noindex/SonarDemoApp.build/Debug-iphonesimulator/SonarDemoApp.build/DerivedSources/x86_64 -Xcc -I/Users/shamvil/Library/Developer/Xcode/DerivedData/SonarDemoApp-bwkekhgxewmphccxtpzaegwvzxmi/Build/Intermediates.noindex/SonarDemoApp.build/Debug-iphonesimulator/SonarDemoApp.build/DerivedSources -Xcc -DDEBUG=1 -Xcc -DCOCOAPODS=1 -module-name SonarDemoApp -o /Users/shamvil/Library/Developer/Xcode/DerivedData/SonarDemoApp-bwkekhgxewmphccxtpzaegwvzxmi/Build/Intermediates.noindex/SonarDemoApp.build/Debug-iphonesimulator/SonarDemoApp.build/Objects-normal/x86_64/ViewController.o

CompileSwift normal x86_64 /Users/shamvil/Desktop/SonarDemoApp/SonarDemoApp/AppDelegate.swift (in target 'SonarDemoApp' from project 'SonarDemoApp')
    cd /Users/shamvil/Desktop/SonarDemoApp
    /Applications/Xcode.app/Contents/Developer/Toolchains/XcodeDefault.xctoolchain/usr/bin/swift -frontend -c /Users/shamvil/Desktop/SonarDemoApp/SonarDemoApp/ViewController.swift -primary-file /Users/shamvil/Desktop/SonarDemoApp/SonarDemoApp/AppDelegate.swift /Users/shamvil/Desktop/SonarDemoApp/SonarDemoApp/SceneDelegate.swift -emit-module-path /Users/shamvil/Library/Developer/Xcode/DerivedData/SonarDemoApp-bwkekhgxewmphccxtpzaegwvzxmi/Build/Intermediates.noindex/SonarDemoApp.build/Debug-iphonesimulator/SonarDemoApp.build/Objects-normal/x86_64/AppDelegate\~partial.swiftmodule -emit-module-doc-path /Users/shamvil/Library/Developer/Xcode/DerivedData/SonarDemoApp-bwkekhgxewmphccxtpzaegwvzxmi/Build/Intermediates.noindex/SonarDemoApp.build/Debug-iphonesimulator/SonarDemoApp.build/Objects-normal/x86_64/AppDelegate\~partial.swiftdoc -serialize-diagnostics-path /Users/shamvil/Library/Developer/Xcode/DerivedData/SonarDemoApp-bwkekhgxewmphccxtpzaegwvzxmi/Build/Intermediates.noindex/SonarDemoApp.build/Debug-iphonesimulator/SonarDemoApp.build/Objects-normal/x86_64/AppDelegate.dia -emit-dependencies-path /Users/shamvil/Library/Developer/Xcode/DerivedData/SonarDemoApp-bwkekhgxewmphccxtpzaegwvzxmi/Build/Intermediates.noindex/SonarDemoApp.build/Debug-iphonesimulator/SonarDemoApp.build/Objects-normal/x86_64/AppDelegate.d -emit-reference-dependencies-path /Users/shamvil/Library/Developer/Xcode/DerivedData/SonarDemoApp-bwkekhgxewmphccxtpzaegwvzxmi/Build/Intermediates.noindex/SonarDemoApp.build/Debug-iphonesimulator/SonarDemoApp.build/Objects-normal/x86_64/AppDelegate.swiftdeps -target x86_64-apple-ios13.2-simulator -enable-objc-interop -sdk /Applications/Xcode.app/Contents/Developer/Platforms/iPhoneSimulator.platform/Developer/SDKs/iPhoneSimulator13.2.sdk -I /Users/shamvil/Library/Developer/Xcode/DerivedData/SonarDemoApp-bwkekhgxewmphccxtpzaegwvzxmi/Build/Products/Debug-iphonesimulator -F /Users/shamvil/Library/Developer/Xcode/DerivedData/SonarDemoApp-bwkekhgxewmphccxtpzaegwvzxmi/Build/Products/Debug-iphonesimulator -enable-testing -g -module-cache-path /Users/shamvil/Library/Developer/Xcode/DerivedData/ModuleCache.noindex -profile-generate -profile-coverage-mapping -swift-version 5 -enforce-exclusivity=checked -Onone -D DEBUG -serialize-debugging-options -Xcc -working-directory -Xcc /Users/shamvil/Desktop/SonarDemoApp -enable-anonymous-context-mangled-names -Xcc -I/Users/shamvil/Library/Developer/Xcode/DerivedData/SonarDemoApp-bwkekhgxewmphccxtpzaegwvzxmi/Build/Intermediates.noindex/SonarDemoApp.build/Debug-iphonesimulator/SonarDemoApp.build/swift-overrides.hmap -Xcc -iquote -Xcc /Users/shamvil/Library/Developer/Xcode/DerivedData/SonarDemoApp-bwkekhgxewmphccxtpzaegwvzxmi/Build/Intermediates.noindex/SonarDemoApp.build/Debug-iphonesimulator/SonarDemoApp.build/SonarDemoApp-generated-files.hmap -Xcc -I/Users/shamvil/Library/Developer/Xcode/DerivedData/SonarDemoApp-bwkekhgxewmphccxtpzaegwvzxmi/Build/Intermediates.noindex/SonarDemoApp.build/Debug-iphonesimulator/SonarDemoApp.build/SonarDemoApp-own-target-headers.hmap -Xcc -I/Users/shamvil/Library/Developer/Xcode/DerivedData/SonarDemoApp-bwkekhgxewmphccxtpzaegwvzxmi/Build/Intermediates.noindex/SonarDemoApp.build/Debug-iphonesimulator/SonarDemoApp.build/SonarDemoApp-all-non-framework-target-headers.hmap -Xcc -ivfsoverlay -Xcc /Users/shamvil/Library/Developer/Xcode/DerivedData/SonarDemoApp-bwkekhgxewmphccxtpzaegwvzxmi/Build/Intermediates.noindex/SonarDemoApp.build/Debug-iphonesimulator/SonarDemoApp.build/all-product-headers.yaml -Xcc -iquote -Xcc /Users/shamvil/Library/Developer/Xcode/DerivedData/SonarDemoApp-bwkekhgxewmphccxtpzaegwvzxmi/Build/Intermediates.noindex/SonarDemoApp.build/Debug-iphonesimulator/SonarDemoApp.build/SonarDemoApp-project-headers.hmap -Xcc -I/Users/shamvil/Library/Developer/Xcode/DerivedData/SonarDemoApp-bwkekhgxewmphccxtpzaegwvzxmi/Build/Products/Debug-iphonesimulator/include -Xcc -I/Users/shamvil/Library/Developer/Xcode/DerivedData/SonarDemoApp-bwkekhgxewmphccxtpzaegwvzxmi/Build/Intermediates.noindex/SonarDemoApp.build/Debug-iphonesimulator/SonarDemoApp.build/DerivedSources-normal/x86_64 -Xcc -I/Users/shamvil/Library/Developer/Xcode/DerivedData/SonarDemoApp-bwkekhgxewmphccxtpzaegwvzxmi/Build/Intermediates.noindex/SonarDemoApp.build/Debug-iphonesimulator/SonarDemoApp.build/DerivedSources/x86_64 -Xcc -I/Users/shamvil/Library/Developer/Xcode/DerivedData/SonarDemoApp-bwkekhgxewmphccxtpzaegwvzxmi/Build/Intermediates.noindex/SonarDemoApp.build/Debug-iphonesimulator/SonarDemoApp.build/DerivedSources -Xcc -DDEBUG=1 -Xcc -DCOCOAPODS=1 -module-name SonarDemoApp -o /Users/shamvil/Library/Developer/Xcode/DerivedData/SonarDemoApp-bwkekhgxewmphccxtpzaegwvzxmi/Build/Intermediates.noindex/SonarDemoApp.build/Debug-iphonesimulator/SonarDemoApp.build/Objects-normal/x86_64/AppDelegate.o

CompileSwift normal x86_64 /Users/shamvil/Desktop/SonarDemoApp/SonarDemoApp/SceneDelegate.swift (in target 'SonarDemoApp' from project 'SonarDemoApp')
    cd /Users/shamvil/Desktop/SonarDemoApp
    /Applications/Xcode.app/Contents/Developer/Toolchains/XcodeDefault.xctoolchain/usr/bin/swift -frontend -c /Users/shamvil/Desktop/SonarDemoApp/SonarDemoApp/ViewController.swift /Users/shamvil/Desktop/SonarDemoApp/SonarDemoApp/AppDelegate.swift -primary-file /Users/shamvil/Desktop/SonarDemoApp/SonarDemoApp/SceneDelegate.swift -emit-module-path /Users/shamvil/Library/Developer/Xcode/DerivedData/SonarDemoApp-bwkekhgxewmphccxtpzaegwvzxmi/Build/Intermediates.noindex/SonarDemoApp.build/Debug-iphonesimulator/SonarDemoApp.build/Objects-normal/x86_64/SceneDelegate\~partial.swiftmodule -emit-module-doc-path /Users/shamvil/Library/Developer/Xcode/DerivedData/SonarDemoApp-bwkekhgxewmphccxtpzaegwvzxmi/Build/Intermediates.noindex/SonarDemoApp.build/Debug-iphonesimulator/SonarDemoApp.build/Objects-normal/x86_64/SceneDelegate\~partial.swiftdoc -serialize-diagnostics-path /Users/shamvil/Library/Developer/Xcode/DerivedData/SonarDemoApp-bwkekhgxewmphccxtpzaegwvzxmi/Build/Intermediates.noindex/SonarDemoApp.build/Debug-iphonesimulator/SonarDemoApp.build/Objects-normal/x86_64/SceneDelegate.dia -emit-dependencies-path /Users/shamvil/Library/Developer/Xcode/DerivedData/SonarDemoApp-bwkekhgxewmphccxtpzaegwvzxmi/Build/Intermediates.noindex/SonarDemoApp.build/Debug-iphonesimulator/SonarDemoApp.build/Objects-normal/x86_64/SceneDelegate.d -emit-reference-dependencies-path /Users/shamvil/Library/Developer/Xcode/DerivedData/SonarDemoApp-bwkekhgxewmphccxtpzaegwvzxmi/Build/Intermediates.noindex/SonarDemoApp.build/Debug-iphonesimulator/SonarDemoApp.build/Objects-normal/x86_64/SceneDelegate.swiftdeps -target x86_64-apple-ios13.2-simulator -enable-objc-interop -sdk /Applications/Xcode.app/Contents/Developer/Platforms/iPhoneSimulator.platform/Developer/SDKs/iPhoneSimulator13.2.sdk -I /Users/shamvil/Library/Developer/Xcode/DerivedData/SonarDemoApp-bwkekhgxewmphccxtpzaegwvzxmi/Build/Products/Debug-iphonesimulator -F /Users/shamvil/Library/Developer/Xcode/DerivedData/SonarDemoApp-bwkekhgxewmphccxtpzaegwvzxmi/Build/Products/Debug-iphonesimulator -enable-testing -g -module-cache-path /Users/shamvil/Library/Developer/Xcode/DerivedData/ModuleCache.noindex -profile-generate -profile-coverage-mapping -swift-version 5 -enforce-exclusivity=checked -Onone -D DEBUG -serialize-debugging-options -Xcc -working-directory -Xcc /Users/shamvil/Desktop/SonarDemoApp -enable-anonymous-context-mangled-names -Xcc -I/Users/shamvil/Library/Developer/Xcode/DerivedData/SonarDemoApp-bwkekhgxewmphccxtpzaegwvzxmi/Build/Intermediates.noindex/SonarDemoApp.build/Debug-iphonesimulator/SonarDemoApp.build/swift-overrides.hmap -Xcc -iquote -Xcc /Users/shamvil/Library/Developer/Xcode/DerivedData/SonarDemoApp-bwkekhgxewmphccxtpzaegwvzxmi/Build/Intermediates.noindex/SonarDemoApp.build/Debug-iphonesimulator/SonarDemoApp.build/SonarDemoApp-generated-files.hmap -Xcc -I/Users/shamvil/Library/Developer/Xcode/DerivedData/SonarDemoApp-bwkekhgxewmphccxtpzaegwvzxmi/Build/Intermediates.noindex/SonarDemoApp.build/Debug-iphonesimulator/SonarDemoApp.build/SonarDemoApp-own-target-headers.hmap -Xcc -I/Users/shamvil/Library/Developer/Xcode/DerivedData/SonarDemoApp-bwkekhgxewmphccxtpzaegwvzxmi/Build/Intermediates.noindex/SonarDemoApp.build/Debug-iphonesimulator/SonarDemoApp.build/SonarDemoApp-all-non-framework-target-headers.hmap -Xcc -ivfsoverlay -Xcc /Users/shamvil/Library/Developer/Xcode/DerivedData/SonarDemoApp-bwkekhgxewmphccxtpzaegwvzxmi/Build/Intermediates.noindex/SonarDemoApp.build/Debug-iphonesimulator/SonarDemoApp.build/all-product-headers.yaml -Xcc -iquote -Xcc /Users/shamvil/Library/Developer/Xcode/DerivedData/SonarDemoApp-bwkekhgxewmphccxtpzaegwvzxmi/Build/Intermediates.noindex/SonarDemoApp.build/Debug-iphonesimulator/SonarDemoApp.build/SonarDemoApp-project-headers.hmap -Xcc -I/Users/shamvil/Library/Developer/Xcode/DerivedData/SonarDemoApp-bwkekhgxewmphccxtpzaegwvzxmi/Build/Products/Debug-iphonesimulator/include -Xcc -I/Users/shamvil/Library/Developer/Xcode/DerivedData/SonarDemoApp-bwkekhgxewmphccxtpzaegwvzxmi/Build/Intermediates.noindex/SonarDemoApp.build/Debug-iphonesimulator/SonarDemoApp.build/DerivedSources-normal/x86_64 -Xcc -I/Users/shamvil/Library/Developer/Xcode/DerivedData/SonarDemoApp-bwkekhgxewmphccxtpzaegwvzxmi/Build/Intermediates.noindex/SonarDemoApp.build/Debug-iphonesimulator/SonarDemoApp.build/DerivedSources/x86_64 -Xcc -I/Users/shamvil/Library/Developer/Xcode/DerivedData/SonarDemoApp-bwkekhgxewmphccxtpzaegwvzxmi/Build/Intermediates.noindex/SonarDemoApp.build/Debug-iphonesimulator/SonarDemoApp.build/DerivedSources -Xcc -DDEBUG=1 -Xcc -DCOCOAPODS=1 -module-name SonarDemoApp -o /Users/shamvil/Library/Developer/Xcode/DerivedData/SonarDemoApp-bwkekhgxewmphccxtpzaegwvzxmi/Build/Intermediates.noindex/SonarDemoApp.build/Debug-iphonesimulator/SonarDemoApp.build/Objects-normal/x86_64/SceneDelegate.o

MergeSwiftModule normal x86_64 (in target 'SonarDemoApp' from project 'SonarDemoApp')
    cd /Users/shamvil/Desktop/SonarDemoApp
    /Applications/Xcode.app/Contents/Developer/Toolchains/XcodeDefault.xctoolchain/usr/bin/swift -frontend -merge-modules -emit-module /Users/shamvil/Library/Developer/Xcode/DerivedData/SonarDemoApp-bwkekhgxewmphccxtpzaegwvzxmi/Build/Intermediates.noindex/SonarDemoApp.build/Debug-iphonesimulator/SonarDemoApp.build/Objects-normal/x86_64/ViewController\~partial.swiftmodule /Users/shamvil/Library/Developer/Xcode/DerivedData/SonarDemoApp-bwkekhgxewmphccxtpzaegwvzxmi/Build/Intermediates.noindex/SonarDemoApp.build/Debug-iphonesimulator/SonarDemoApp.build/Objects-normal/x86_64/AppDelegate\~partial.swiftmodule /Users/shamvil/Library/Developer/Xcode/DerivedData/SonarDemoApp-bwkekhgxewmphccxtpzaegwvzxmi/Build/Intermediates.noindex/SonarDemoApp.build/Debug-iphonesimulator/SonarDemoApp.build/Objects-normal/x86_64/SceneDelegate\~partial.swiftmodule -parse-as-library -sil-merge-partial-modules -disable-diagnostic-passes -disable-sil-perf-optzns -target x86_64-apple-ios13.2-simulator -enable-objc-interop -sdk /Applications/Xcode.app/Contents/Developer/Platforms/iPhoneSimulator.platform/Developer/SDKs/iPhoneSimulator13.2.sdk -I /Users/shamvil/Library/Developer/Xcode/DerivedData/SonarDemoApp-bwkekhgxewmphccxtpzaegwvzxmi/Build/Products/Debug-iphonesimulator -F /Users/shamvil/Library/Developer/Xcode/DerivedData/SonarDemoApp-bwkekhgxewmphccxtpzaegwvzxmi/Build/Products/Debug-iphonesimulator -enable-testing -g -module-cache-path /Users/shamvil/Library/Developer/Xcode/DerivedData/ModuleCache.noindex -profile-generate -profile-coverage-mapping -swift-version 5 -enforce-exclusivity=checked -Onone -D DEBUG -serialize-debugging-options -Xcc -working-directory -Xcc /Users/shamvil/Desktop/SonarDemoApp -enable-anonymous-context-mangled-names -Xcc -I/Users/shamvil/Library/Developer/Xcode/DerivedData/SonarDemoApp-bwkekhgxewmphccxtpzaegwvzxmi/Build/Intermediates.noindex/SonarDemoApp.build/Debug-iphonesimulator/SonarDemoApp.build/swift-overrides.hmap -Xcc -iquote -Xcc /Users/shamvil/Library/Developer/Xcode/DerivedData/SonarDemoApp-bwkekhgxewmphccxtpzaegwvzxmi/Build/Intermediates.noindex/SonarDemoApp.build/Debug-iphonesimulator/SonarDemoApp.build/SonarDemoApp-generated-files.hmap -Xcc -I/Users/shamvil/Library/Developer/Xcode/DerivedData/SonarDemoApp-bwkekhgxewmphccxtpzaegwvzxmi/Build/Intermediates.noindex/SonarDemoApp.build/Debug-iphonesimulator/SonarDemoApp.build/SonarDemoApp-own-target-headers.hmap -Xcc -I/Users/shamvil/Library/Developer/Xcode/DerivedData/SonarDemoApp-bwkekhgxewmphccxtpzaegwvzxmi/Build/Intermediates.noindex/SonarDemoApp.build/Debug-iphonesimulator/SonarDemoApp.build/SonarDemoApp-all-non-framework-target-headers.hmap -Xcc -ivfsoverlay -Xcc /Users/shamvil/Library/Developer/Xcode/DerivedData/SonarDemoApp-bwkekhgxewmphccxtpzaegwvzxmi/Build/Intermediates.noindex/SonarDemoApp.build/Debug-iphonesimulator/SonarDemoApp.build/all-product-headers.yaml -Xcc -iquote -Xcc /Users/shamvil/Library/Developer/Xcode/DerivedData/SonarDemoApp-bwkekhgxewmphccxtpzaegwvzxmi/Build/Intermediates.noindex/SonarDemoApp.build/Debug-iphonesimulator/SonarDemoApp.build/SonarDemoApp-project-headers.hmap -Xcc -I/Users/shamvil/Library/Developer/Xcode/DerivedData/SonarDemoApp-bwkekhgxewmphccxtpzaegwvzxmi/Build/Products/Debug-iphonesimulator/include -Xcc -I/Users/shamvil/Library/Developer/Xcode/DerivedData/SonarDemoApp-bwkekhgxewmphccxtpzaegwvzxmi/Build/Intermediates.noindex/SonarDemoApp.build/Debug-iphonesimulator/SonarDemoApp.build/DerivedSources-normal/x86_64 -Xcc -I/Users/shamvil/Library/Developer/Xcode/DerivedData/SonarDemoApp-bwkekhgxewmphccxtpzaegwvzxmi/Build/Intermediates.noindex/SonarDemoApp.build/Debug-iphonesimulator/SonarDemoApp.build/DerivedSources/x86_64 -Xcc -I/Users/shamvil/Library/Developer/Xcode/DerivedData/SonarDemoApp-bwkekhgxewmphccxtpzaegwvzxmi/Build/Intermediates.noindex/SonarDemoApp.build/Debug-iphonesimulator/SonarDemoApp.build/DerivedSources -Xcc -DDEBUG=1 -Xcc -DCOCOAPODS=1 -emit-module-doc-path /Users/shamvil/Library/Developer/Xcode/DerivedData/SonarDemoApp-bwkekhgxewmphccxtpzaegwvzxmi/Build/Intermediates.noindex/SonarDemoApp.build/Debug-iphonesimulator/SonarDemoApp.build/Objects-normal/x86_64/SonarDemoApp.swiftdoc -emit-objc-header-path /Users/shamvil/Library/Developer/Xcode/DerivedData/SonarDemoApp-bwkekhgxewmphccxtpzaegwvzxmi/Build/Intermediates.noindex/SonarDemoApp.build/Debug-iphonesimulator/SonarDemoApp.build/Objects-normal/x86_64/SonarDemoApp-Swift.h -module-name SonarDemoApp -o /Users/shamvil/Library/Developer/Xcode/DerivedData/SonarDemoApp-bwkekhgxewmphccxtpzaegwvzxmi/Build/Intermediates.noindex/SonarDemoApp.build/Debug-iphonesimulator/SonarDemoApp.build/Objects-normal/x86_64/SonarDemoApp.swiftmodule

Ld /Users/shamvil/Library/Developer/Xcode/DerivedData/SonarDemoApp-bwkekhgxewmphccxtpzaegwvzxmi/Build/Products/Debug-iphonesimulator/SonarDemoApp.app/SonarDemoApp normal x86_64 (in target 'SonarDemoApp' from project 'SonarDemoApp')
    cd /Users/shamvil/Desktop/SonarDemoApp
    /Applications/Xcode.app/Contents/Developer/Toolchains/XcodeDefault.xctoolchain/usr/bin/clang -target x86_64-apple-ios13.2-simulator -isysroot /Applications/Xcode.app/Contents/Developer/Platforms/iPhoneSimulator.platform/Developer/SDKs/iPhoneSimulator13.2.sdk -L/Users/shamvil/Library/Developer/Xcode/DerivedData/SonarDemoApp-bwkekhgxewmphccxtpzaegwvzxmi/Build/Products/Debug-iphonesimulator -F/Users/shamvil/Library/Developer/Xcode/DerivedData/SonarDemoApp-bwkekhgxewmphccxtpzaegwvzxmi/Build/Products/Debug-iphonesimulator -filelist /Users/shamvil/Library/Developer/Xcode/DerivedData/SonarDemoApp-bwkekhgxewmphccxtpzaegwvzxmi/Build/Intermediates.noindex/SonarDemoApp.build/Debug-iphonesimulator/SonarDemoApp.build/Objects-normal/x86_64/SonarDemoApp.LinkFileList -Xlinker -rpath -Xlinker @executable_path/Frameworks -dead_strip -Xlinker -object_path_lto -Xlinker /Users/shamvil/Library/Developer/Xcode/DerivedData/SonarDemoApp-bwkekhgxewmphccxtpzaegwvzxmi/Build/Intermediates.noindex/SonarDemoApp.build/Debug-iphonesimulator/SonarDemoApp.build/Objects-normal/x86_64/SonarDemoApp_lto.o -Xlinker -export_dynamic -Xlinker -no_deduplicate -Xlinker -objc_abi_version -Xlinker 2 -fobjc-link-runtime -fprofile-instr-generate -L/Applications/Xcode.app/Contents/Developer/Toolchains/XcodeDefault.xctoolchain/usr/lib/swift/iphonesimulator -L/usr/lib/swift -Xlinker -add_ast_path -Xlinker /Users/shamvil/Library/Developer/Xcode/DerivedData/SonarDemoApp-bwkekhgxewmphccxtpzaegwvzxmi/Build/Intermediates.noindex/SonarDemoApp.build/Debug-iphonesimulator/SonarDemoApp.build/Objects-normal/x86_64/SonarDemoApp.swiftmodule -Xlinker -sectcreate -Xlinker __TEXT -Xlinker __entitlements -Xlinker /Users/shamvil/Library/Developer/Xcode/DerivedData/SonarDemoApp-bwkekhgxewmphccxtpzaegwvzxmi/Build/Intermediates.noindex/SonarDemoApp.build/Debug-iphonesimulator/SonarDemoApp.build/SonarDemoApp.app-Simulated.xcent -framework Pods_SonarDemoApp -Xlinker -dependency_info -Xlinker /Users/shamvil/Library/Developer/Xcode/DerivedData/SonarDemoApp-bwkekhgxewmphccxtpzaegwvzxmi/Build/Intermediates.noindex/SonarDemoApp.build/Debug-iphonesimulator/SonarDemoApp.build/Objects-normal/x86_64/SonarDemoApp_dependency_info.dat -o /Users/shamvil/Library/Developer/Xcode/DerivedData/SonarDemoApp-bwkekhgxewmphccxtpzaegwvzxmi/Build/Products/Debug-iphonesimulator/SonarDemoApp.app/SonarDemoApp

Ditto /Users/shamvil/Library/Developer/Xcode/DerivedData/SonarDemoApp-bwkekhgxewmphccxtpzaegwvzxmi/Build/Intermediates.noindex/SonarDemoApp.build/Debug-iphonesimulator/SonarDemoApp.build/DerivedSources/SonarDemoApp-Swift.h /Users/shamvil/Library/Developer/Xcode/DerivedData/SonarDemoApp-bwkekhgxewmphccxtpzaegwvzxmi/Build/Intermediates.noindex/SonarDemoApp.build/Debug-iphonesimulator/SonarDemoApp.build/Objects-normal/x86_64/SonarDemoApp-Swift.h (in target 'SonarDemoApp' from project 'SonarDemoApp')
    cd /Users/shamvil/Desktop/SonarDemoApp
    /usr/bin/ditto -rsrc /Users/shamvil/Library/Developer/Xcode/DerivedData/SonarDemoApp-bwkekhgxewmphccxtpzaegwvzxmi/Build/Intermediates.noindex/SonarDemoApp.build/Debug-iphonesimulator/SonarDemoApp.build/Objects-normal/x86_64/SonarDemoApp-Swift.h /Users/shamvil/Library/Developer/Xcode/DerivedData/SonarDemoApp-bwkekhgxewmphccxtpzaegwvzxmi/Build/Intermediates.noindex/SonarDemoApp.build/Debug-iphonesimulator/SonarDemoApp.build/DerivedSources/SonarDemoApp-Swift.h

Ditto /Users/shamvil/Library/Developer/Xcode/DerivedData/SonarDemoApp-bwkekhgxewmphccxtpzaegwvzxmi/Build/Products/Debug-iphonesimulator/SonarDemoApp.swiftmodule/x86_64.swiftmodule /Users/shamvil/Library/Developer/Xcode/DerivedData/SonarDemoApp-bwkekhgxewmphccxtpzaegwvzxmi/Build/Intermediates.noindex/SonarDemoApp.build/Debug-iphonesimulator/SonarDemoApp.build/Objects-normal/x86_64/SonarDemoApp.swiftmodule (in target 'SonarDemoApp' from project 'SonarDemoApp')
    cd /Users/shamvil/Desktop/SonarDemoApp
    /usr/bin/ditto -rsrc /Users/shamvil/Library/Developer/Xcode/DerivedData/SonarDemoApp-bwkekhgxewmphccxtpzaegwvzxmi/Build/Intermediates.noindex/SonarDemoApp.build/Debug-iphonesimulator/SonarDemoApp.build/Objects-normal/x86_64/SonarDemoApp.swiftmodule /Users/shamvil/Library/Developer/Xcode/DerivedData/SonarDemoApp-bwkekhgxewmphccxtpzaegwvzxmi/Build/Products/Debug-iphonesimulator/SonarDemoApp.swiftmodule/x86_64.swiftmodule

Ditto /Users/shamvil/Library/Developer/Xcode/DerivedData/SonarDemoApp-bwkekhgxewmphccxtpzaegwvzxmi/Build/Products/Debug-iphonesimulator/SonarDemoApp.swiftmodule/x86_64-apple-ios-simulator.swiftmodule /Users/shamvil/Library/Developer/Xcode/DerivedData/SonarDemoApp-bwkekhgxewmphccxtpzaegwvzxmi/Build/Intermediates.noindex/SonarDemoApp.build/Debug-iphonesimulator/SonarDemoApp.build/Objects-normal/x86_64/SonarDemoApp.swiftmodule (in target 'SonarDemoApp' from project 'SonarDemoApp')
    cd /Users/shamvil/Desktop/SonarDemoApp
    /usr/bin/ditto -rsrc /Users/shamvil/Library/Developer/Xcode/DerivedData/SonarDemoApp-bwkekhgxewmphccxtpzaegwvzxmi/Build/Intermediates.noindex/SonarDemoApp.build/Debug-iphonesimulator/SonarDemoApp.build/Objects-normal/x86_64/SonarDemoApp.swiftmodule /Users/shamvil/Library/Developer/Xcode/DerivedData/SonarDemoApp-bwkekhgxewmphccxtpzaegwvzxmi/Build/Products/Debug-iphonesimulator/SonarDemoApp.swiftmodule/x86_64-apple-ios-simulator.swiftmodule

Ditto /Users/shamvil/Library/Developer/Xcode/DerivedData/SonarDemoApp-bwkekhgxewmphccxtpzaegwvzxmi/Build/Products/Debug-iphonesimulator/SonarDemoApp.swiftmodule/x86_64-apple-ios-simulator.swiftdoc /Users/shamvil/Library/Developer/Xcode/DerivedData/SonarDemoApp-bwkekhgxewmphccxtpzaegwvzxmi/Build/Intermediates.noindex/SonarDemoApp.build/Debug-iphonesimulator/SonarDemoApp.build/Objects-normal/x86_64/SonarDemoApp.swiftdoc (in target 'SonarDemoApp' from project 'SonarDemoApp')
    cd /Users/shamvil/Desktop/SonarDemoApp
    /usr/bin/ditto -rsrc /Users/shamvil/Library/Developer/Xcode/DerivedData/SonarDemoApp-bwkekhgxewmphccxtpzaegwvzxmi/Build/Intermediates.noindex/SonarDemoApp.build/Debug-iphonesimulator/SonarDemoApp.build/Objects-normal/x86_64/SonarDemoApp.swiftdoc /Users/shamvil/Library/Developer/Xcode/DerivedData/SonarDemoApp-bwkekhgxewmphccxtpzaegwvzxmi/Build/Products/Debug-iphonesimulator/SonarDemoApp.swiftmodule/x86_64-apple-ios-simulator.swiftdoc

Ditto /Users/shamvil/Library/Developer/Xcode/DerivedData/SonarDemoApp-bwkekhgxewmphccxtpzaegwvzxmi/Build/Products/Debug-iphonesimulator/SonarDemoApp.swiftmodule/x86_64.swiftdoc /Users/shamvil/Library/Developer/Xcode/DerivedData/SonarDemoApp-bwkekhgxewmphccxtpzaegwvzxmi/Build/Intermediates.noindex/SonarDemoApp.build/Debug-iphonesimulator/SonarDemoApp.build/Objects-normal/x86_64/SonarDemoApp.swiftdoc (in target 'SonarDemoApp' from project 'SonarDemoApp')
    cd /Users/shamvil/Desktop/SonarDemoApp
    /usr/bin/ditto -rsrc /Users/shamvil/Library/Developer/Xcode/DerivedData/SonarDemoApp-bwkekhgxewmphccxtpzaegwvzxmi/Build/Intermediates.noindex/SonarDemoApp.build/Debug-iphonesimulator/SonarDemoApp.build/Objects-normal/x86_64/SonarDemoApp.swiftdoc /Users/shamvil/Library/Developer/Xcode/DerivedData/SonarDemoApp-bwkekhgxewmphccxtpzaegwvzxmi/Build/Products/Debug-iphonesimulator/SonarDemoApp.swiftmodule/x86_64.swiftdoc

CompileAssetCatalog /Users/shamvil/Library/Developer/Xcode/DerivedData/SonarDemoApp-bwkekhgxewmphccxtpzaegwvzxmi/Build/Products/Debug-iphonesimulator/SonarDemoApp.app /Users/shamvil/Desktop/SonarDemoApp/SonarDemoApp/Assets.xcassets (in target 'SonarDemoApp' from project 'SonarDemoApp')
    cd /Users/shamvil/Desktop/SonarDemoApp
    /Applications/Xcode.app/Contents/Developer/usr/bin/actool --output-format human-readable-text --notices --warnings --export-dependency-info /Users/shamvil/Library/Developer/Xcode/DerivedData/SonarDemoApp-bwkekhgxewmphccxtpzaegwvzxmi/Build/Intermediates.noindex/SonarDemoApp.build/Debug-iphonesimulator/SonarDemoApp.build/assetcatalog_dependencies --output-partial-info-plist /Users/shamvil/Library/Developer/Xcode/DerivedData/SonarDemoApp-bwkekhgxewmphccxtpzaegwvzxmi/Build/Intermediates.noindex/SonarDemoApp.build/Debug-iphonesimulator/SonarDemoApp.build/assetcatalog_generated_info.plist --app-icon AppIcon --compress-pngs --enable-on-demand-resources YES --filter-for-device-model iPhone10,4 --filter-for-device-os-version 13.3 --sticker-pack-identifier-prefix com.test.test.SonarDemoApp.sticker-pack. --development-region en --target-device iphone --target-device ipad --minimum-deployment-target 13.2 --platform iphonesimulator --product-type com.apple.product-type.application --compile /Users/shamvil/Library/Developer/Xcode/DerivedData/SonarDemoApp-bwkekhgxewmphccxtpzaegwvzxmi/Build/Products/Debug-iphonesimulator/SonarDemoApp.app /Users/shamvil/Desktop/SonarDemoApp/SonarDemoApp/Assets.xcassets
/* com.apple.actool.compilation-results */
/Users/shamvil/Library/Developer/Xcode/DerivedData/SonarDemoApp-bwkekhgxewmphccxtpzaegwvzxmi/Build/Intermediates.noindex/SonarDemoApp.build/Debug-iphonesimulator/SonarDemoApp.build/assetcatalog_generated_info.plist


CompileStoryboard /Users/shamvil/Desktop/SonarDemoApp/SonarDemoApp/Base.lproj/LaunchScreen.storyboard (in target 'SonarDemoApp' from project 'SonarDemoApp')
    cd /Users/shamvil/Desktop/SonarDemoApp
    export XCODE_DEVELOPER_USR_PATH=/Applications/Xcode.app/Contents/Developer/usr/bin/..
    /Applications/Xcode.app/Contents/Developer/usr/bin/ibtool --errors --warnings --notices --module SonarDemoApp --output-partial-info-plist /Users/shamvil/Library/Developer/Xcode/DerivedData/SonarDemoApp-bwkekhgxewmphccxtpzaegwvzxmi/Build/Intermediates.noindex/SonarDemoApp.build/Debug-iphonesimulator/SonarDemoApp.build/Base.lproj/LaunchScreen-SBPartialInfo.plist --auto-activate-custom-fonts --target-device iphone --target-device ipad --minimum-deployment-target 13.2 --output-format human-readable-text --compilation-directory /Users/shamvil/Library/Developer/Xcode/DerivedData/SonarDemoApp-bwkekhgxewmphccxtpzaegwvzxmi/Build/Intermediates.noindex/SonarDemoApp.build/Debug-iphonesimulator/SonarDemoApp.build/Base.lproj /Users/shamvil/Desktop/SonarDemoApp/SonarDemoApp/Base.lproj/LaunchScreen.storyboard

CompileStoryboard /Users/shamvil/Desktop/SonarDemoApp/SonarDemoApp/Base.lproj/Main.storyboard (in target 'SonarDemoApp' from project 'SonarDemoApp')
    cd /Users/shamvil/Desktop/SonarDemoApp
    export XCODE_DEVELOPER_USR_PATH=/Applications/Xcode.app/Contents/Developer/usr/bin/..
    /Applications/Xcode.app/Contents/Developer/usr/bin/ibtool --errors --warnings --notices --module SonarDemoApp --output-partial-info-plist /Users/shamvil/Library/Developer/Xcode/DerivedData/SonarDemoApp-bwkekhgxewmphccxtpzaegwvzxmi/Build/Intermediates.noindex/SonarDemoApp.build/Debug-iphonesimulator/SonarDemoApp.build/Base.lproj/Main-SBPartialInfo.plist --auto-activate-custom-fonts --target-device iphone --target-device ipad --minimum-deployment-target 13.2 --output-format human-readable-text --compilation-directory /Users/shamvil/Library/Developer/Xcode/DerivedData/SonarDemoApp-bwkekhgxewmphccxtpzaegwvzxmi/Build/Intermediates.noindex/SonarDemoApp.build/Debug-iphonesimulator/SonarDemoApp.build/Base.lproj /Users/shamvil/Desktop/SonarDemoApp/SonarDemoApp/Base.lproj/Main.storyboard

ProcessInfoPlistFile /Users/shamvil/Library/Developer/Xcode/DerivedData/SonarDemoApp-bwkekhgxewmphccxtpzaegwvzxmi/Build/Products/Debug-iphonesimulator/SonarDemoApp.app/Info.plist /Users/shamvil/Desktop/SonarDemoApp/SonarDemoApp/Info.plist (in target 'SonarDemoApp' from project 'SonarDemoApp')
    cd /Users/shamvil/Desktop/SonarDemoApp
    builtin-infoPlistUtility /Users/shamvil/Desktop/SonarDemoApp/SonarDemoApp/Info.plist -producttype com.apple.product-type.application -genpkginfo /Users/shamvil/Library/Developer/Xcode/DerivedData/SonarDemoApp-bwkekhgxewmphccxtpzaegwvzxmi/Build/Products/Debug-iphonesimulator/SonarDemoApp.app/PkgInfo -expandbuildsettings -format binary -platform iphonesimulator -additionalcontentfile /Users/shamvil/Library/Developer/Xcode/DerivedData/SonarDemoApp-bwkekhgxewmphccxtpzaegwvzxmi/Build/Intermediates.noindex/SonarDemoApp.build/Debug-iphonesimulator/SonarDemoApp.build/Base.lproj/LaunchScreen-SBPartialInfo.plist -additionalcontentfile /Users/shamvil/Library/Developer/Xcode/DerivedData/SonarDemoApp-bwkekhgxewmphccxtpzaegwvzxmi/Build/Intermediates.noindex/SonarDemoApp.build/Debug-iphonesimulator/SonarDemoApp.build/Base.lproj/Main-SBPartialInfo.plist -additionalcontentfile /Users/shamvil/Library/Developer/Xcode/DerivedData/SonarDemoApp-bwkekhgxewmphccxtpzaegwvzxmi/Build/Intermediates.noindex/SonarDemoApp.build/Debug-iphonesimulator/SonarDemoApp.build/assetcatalog_generated_info.plist -o /Users/shamvil/Library/Developer/Xcode/DerivedData/SonarDemoApp-bwkekhgxewmphccxtpzaegwvzxmi/Build/Products/Debug-iphonesimulator/SonarDemoApp.app/Info.plist

LinkStoryboards (in target 'SonarDemoApp' from project 'SonarDemoApp')
    cd /Users/shamvil/Desktop/SonarDemoApp
    export XCODE_DEVELOPER_USR_PATH=/Applications/Xcode.app/Contents/Developer/usr/bin/..
    /Applications/Xcode.app/Contents/Developer/usr/bin/ibtool --errors --warnings --notices --module SonarDemoApp --target-device iphone --target-device ipad --minimum-deployment-target 13.2 --output-format human-readable-text --link /Users/shamvil/Library/Developer/Xcode/DerivedData/SonarDemoApp-bwkekhgxewmphccxtpzaegwvzxmi/Build/Products/Debug-iphonesimulator/SonarDemoApp.app /Users/shamvil/Library/Developer/Xcode/DerivedData/SonarDemoApp-bwkekhgxewmphccxtpzaegwvzxmi/Build/Intermediates.noindex/SonarDemoApp.build/Debug-iphonesimulator/SonarDemoApp.build/Base.lproj/LaunchScreen.storyboardc /Users/shamvil/Library/Developer/Xcode/DerivedData/SonarDemoApp-bwkekhgxewmphccxtpzaegwvzxmi/Build/Intermediates.noindex/SonarDemoApp.build/Debug-iphonesimulator/SonarDemoApp.build/Base.lproj/Main.storyboardc

CopySwiftLibs /Users/shamvil/Library/Developer/Xcode/DerivedData/SonarDemoApp-bwkekhgxewmphccxtpzaegwvzxmi/Build/Products/Debug-iphonesimulator/SonarDemoApp.app (in target 'SonarDemoApp' from project 'SonarDemoApp')
    cd /Users/shamvil/Desktop/SonarDemoApp
    export CODESIGN_ALLOCATE=/Applications/Xcode.app/Contents/Developer/Toolchains/XcodeDefault.xctoolchain/usr/bin/codesign_allocate
    export DEVELOPER_DIR=/Applications/Xcode.app/Contents/Developer
    export SDKROOT=/Applications/Xcode.app/Contents/Developer/Platforms/iPhoneSimulator.platform/Developer/SDKs/iPhoneSimulator13.2.sdk
    builtin-swiftStdLibTool --copy --verbose --sign - --scan-executable /Users/shamvil/Library/Developer/Xcode/DerivedData/SonarDemoApp-bwkekhgxewmphccxtpzaegwvzxmi/Build/Products/Debug-iphonesimulator/SonarDemoApp.app/SonarDemoApp --scan-folder /Users/shamvil/Library/Developer/Xcode/DerivedData/SonarDemoApp-bwkekhgxewmphccxtpzaegwvzxmi/Build/Products/Debug-iphonesimulator/SonarDemoApp.app/Frameworks --scan-folder /Users/shamvil/Library/Developer/Xcode/DerivedData/SonarDemoApp-bwkekhgxewmphccxtpzaegwvzxmi/Build/Products/Debug-iphonesimulator/SonarDemoApp.app/PlugIns --scan-folder /Users/shamvil/Library/Developer/Xcode/DerivedData/SonarDemoApp-bwkekhgxewmphccxtpzaegwvzxmi/Build/Products/Debug-iphonesimulator/Pods_SonarDemoApp.framework --platform iphonesimulator --toolchain /Applications/Xcode.app/Contents/Developer/Toolchains/XcodeDefault.xctoolchain --destination /Users/shamvil/Library/Developer/Xcode/DerivedData/SonarDemoApp-bwkekhgxewmphccxtpzaegwvzxmi/Build/Products/Debug-iphonesimulator/SonarDemoApp.app/Frameworks --strip-bitcode --strip-bitcode-tool /Applications/Xcode.app/Contents/Developer/Toolchains/XcodeDefault.xctoolchain/usr/bin/bitcode_strip --emit-dependency-info /Users/shamvil/Library/Developer/Xcode/DerivedData/SonarDemoApp-bwkekhgxewmphccxtpzaegwvzxmi/Build/Intermediates.noindex/SonarDemoApp.build/Debug-iphonesimulator/SonarDemoApp.build/SwiftStdLibToolInputDependencies.dep --filter-for-swift-os

CodeSign /Users/shamvil/Library/Developer/Xcode/DerivedData/SonarDemoApp-bwkekhgxewmphccxtpzaegwvzxmi/Build/Products/Debug-iphonesimulator/SonarDemoApp.app (in target 'SonarDemoApp' from project 'SonarDemoApp')
    cd /Users/shamvil/Desktop/SonarDemoApp
    export CODESIGN_ALLOCATE=/Applications/Xcode.app/Contents/Developer/Toolchains/XcodeDefault.xctoolchain/usr/bin/codesign_allocate
    
Signing Identity:     "-"

    /usr/bin/codesign --force --sign - --entitlements /Users/shamvil/Library/Developer/Xcode/DerivedData/SonarDemoApp-bwkekhgxewmphccxtpzaegwvzxmi/Build/Intermediates.noindex/SonarDemoApp.build/Debug-iphonesimulator/SonarDemoApp.build/SonarDemoApp.app.xcent --timestamp=none /Users/shamvil/Library/Developer/Xcode/DerivedData/SonarDemoApp-bwkekhgxewmphccxtpzaegwvzxmi/Build/Products/Debug-iphonesimulator/SonarDemoApp.app

RegisterExecutionPolicyException /Users/shamvil/Library/Developer/Xcode/DerivedData/SonarDemoApp-bwkekhgxewmphccxtpzaegwvzxmi/Build/Products/Debug-iphonesimulator/SonarDemoApp.app (in target 'SonarDemoApp' from project 'SonarDemoApp')
    cd /Users/shamvil/Desktop/SonarDemoApp
    builtin-RegisterExecutionPolicyException /Users/shamvil/Library/Developer/Xcode/DerivedData/SonarDemoApp-bwkekhgxewmphccxtpzaegwvzxmi/Build/Products/Debug-iphonesimulator/SonarDemoApp.app
note: Execution policy exception registration failed and was skipped: Error Domain=NSPOSIXErrorDomain Code=1 "Operation not permitted" (in target 'SonarDemoApp' from project 'SonarDemoApp')

Touch /Users/shamvil/Library/Developer/Xcode/DerivedData/SonarDemoApp-bwkekhgxewmphccxtpzaegwvzxmi/Build/Products/Debug-iphonesimulator/SonarDemoApp.app (in target 'SonarDemoApp' from project 'SonarDemoApp')
    cd /Users/shamvil/Desktop/SonarDemoApp
    /usr/bin/touch -c /Users/shamvil/Library/Developer/Xcode/DerivedData/SonarDemoApp-bwkekhgxewmphccxtpzaegwvzxmi/Build/Products/Debug-iphonesimulator/SonarDemoApp.app

** BUILD SUCCEEDED **

